<?xml version="1.0" encoding="UTF-8"?>
<coverage generated="1783338268860" clover="3.2.0">
  <project timestamp="1783338268860" name="All files">
    <metrics statements="297" coveredstatements="260" conditionals="216" coveredconditionals="172" methods="87" coveredmethods="83" elements="600" coveredelements="515" complexity="0" loc="297" ncloc="297" packages="8" files="10" classes="10"/>
    <package name="ai.confidence">
      <metrics statements="2" coveredstatements="2" conditionals="1" coveredconditionals="1" methods="3" coveredmethods="3"/>
      <file name="confidence.filter.ts" path="/home/opc/AuditIA/ai/confidence/confidence.filter.ts">
        <metrics statements="2" coveredstatements="2" conditionals="1" coveredconditionals="1" methods="3" coveredmethods="3"/>
        <line num="12" count="1" type="stmt"/>
        <line num="22" count="9" type="stmt"/>
      </file>
    </package>
    <package name="ai.llm">
      <metrics statements="8" coveredstatements="6" conditionals="6" coveredconditionals="6" methods="3" coveredmethods="3"/>
      <file name="llm.client.ts" path="/home/opc/AuditIA/ai/llm/llm.client.ts">
        <metrics statements="6" coveredstatements="6" conditionals="6" coveredconditionals="6" methods="3" coveredmethods="3"/>
        <line num="17" count="7" type="cond" truecount="2" falsecount="0"/>
        <line num="18" count="5" type="cond" truecount="2" falsecount="0"/>
        <line num="19" count="3" type="cond" truecount="2" falsecount="0"/>
        <line num="20" count="1" type="stmt"/>
        <line num="29" count="2" type="stmt"/>
        <line num="34" count="1" type="stmt"/>
      </file>
      <file name="llm.prompts.ts" path="/home/opc/AuditIA/ai/llm/llm.prompts.ts">
        <metrics statements="2" coveredstatements="0" conditionals="0" coveredconditionals="0" methods="0" coveredmethods="0"/>
        <line num="8" count="0" type="stmt"/>
        <line num="33" count="0" type="stmt"/>
      </file>
    </package>
    <package name="ai.stt">
      <metrics statements="1" coveredstatements="0" conditionals="0" coveredconditionals="0" methods="1" coveredmethods="0"/>
      <file name="stt.client.ts" path="/home/opc/AuditIA/ai/stt/stt.client.ts">
        <metrics statements="1" coveredstatements="0" conditionals="0" coveredconditionals="0" methods="1" coveredmethods="0"/>
        <line num="13" count="0" type="stmt"/>
      </file>
    </package>
    <package name="features.analysis">
      <metrics statements="24" coveredstatements="24" conditionals="15" coveredconditionals="11" methods="10" coveredmethods="10"/>
      <file name="analysis.service.ts" path="/home/opc/AuditIA/features/analysis/analysis.service.ts">
        <metrics statements="24" coveredstatements="24" conditionals="15" coveredconditionals="11" methods="10" coveredmethods="10"/>
        <line num="24" count="9" type="stmt"/>
        <line num="27" count="2" type="stmt"/>
        <line num="44" count="9" type="stmt"/>
        <line num="48" count="396" type="stmt"/>
        <line num="49" count="9" type="stmt"/>
        <line num="50" count="9" type="stmt"/>
        <line num="51" count="142" type="stmt"/>
        <line num="52" count="142" type="stmt"/>
        <line num="53" count="142" type="cond" truecount="3" falsecount="1"/>
        <line num="54" count="142" type="stmt"/>
        <line num="62" count="9" type="stmt"/>
        <line num="76" count="16" type="stmt"/>
        <line num="77" count="16" type="stmt"/>
        <line num="88" count="16" type="stmt"/>
        <line num="93" count="16" type="stmt"/>
        <line num="98" count="13" type="stmt"/>
        <line num="105" count="11" type="stmt"/>
        <line num="118" count="2" type="stmt"/>
        <line num="126" count="1" type="stmt"/>
        <line num="131" count="18" type="cond" truecount="2" falsecount="0"/>
        <line num="140" count="12" type="stmt"/>
        <line num="145" count="12" type="cond" truecount="1" falsecount="1"/>
        <line num="146" count="12" type="cond" truecount="1" falsecount="1"/>
        <line num="147" count="12" type="stmt"/>
      </file>
    </package>
    <package name="features.briefing">
      <metrics statements="100" coveredstatements="88" conditionals="112" coveredconditionals="99" methods="21" coveredmethods="21"/>
      <file name="briefing.service.ts" path="/home/opc/AuditIA/features/briefing/briefing.service.ts">
        <metrics statements="100" coveredstatements="88" conditionals="112" coveredconditionals="99" methods="21" coveredmethods="21"/>
        <line num="42" count="48" type="stmt"/>
        <line num="44" count="48" type="cond" truecount="4" falsecount="0"/>
        <line num="45" count="2" type="stmt"/>
        <line num="47" count="74" type="cond" truecount="5" falsecount="0"/>
        <line num="48" count="2" type="stmt"/>
        <line num="50" count="48" type="cond" truecount="4" falsecount="0"/>
        <line num="51" count="3" type="stmt"/>
        <line num="53" count="48" type="cond" truecount="4" falsecount="0"/>
        <line num="54" count="1" type="stmt"/>
        <line num="56" count="48" type="cond" truecount="4" falsecount="0"/>
        <line num="57" count="1" type="stmt"/>
        <line num="59" count="48" type="cond" truecount="4" falsecount="0"/>
        <line num="60" count="2" type="stmt"/>
        <line num="62" count="48" type="stmt"/>
        <line num="66" count="9137" type="cond" truecount="3" falsecount="0"/>
        <line num="70" count="21214" type="cond" truecount="2" falsecount="0"/>
        <line num="74" count="51756" type="cond" truecount="3" falsecount="0"/>
        <line num="84" count="77" type="stmt"/>
        <line num="85" count="77" type="cond" truecount="2" falsecount="0"/>
        <line num="86" count="3" type="stmt"/>
        <line num="89" count="74" type="stmt"/>
        <line num="90" count="74" type="stmt"/>
        <line num="91" count="2956" type="cond" truecount="1" falsecount="1"/>
        <line num="94" count="74" type="stmt"/>
        <line num="95" count="2956" type="stmt"/>
        <line num="96" count="2956" type="cond" truecount="1" falsecount="1"/>
        <line num="97" count="0" type="stmt"/>
        <line num="98" count="0" type="stmt"/>
        <line num="100" count="2956" type="stmt"/>
        <line num="101" count="2956" type="cond" truecount="4" falsecount="0"/>
        <line num="102" count="1" type="stmt"/>
        <line num="103" count="2955" type="cond" truecount="2" falsecount="0"/>
        <line num="104" count="1" type="stmt"/>
        <line num="106" count="2954" type="stmt"/>
        <line num="108" count="2956" type="cond" truecount="3" falsecount="1"/>
        <line num="109" count="0" type="stmt"/>
        <line num="110" count="2956" type="cond" truecount="4" falsecount="0"/>
        <line num="111" count="2" type="stmt"/>
        <line num="113" count="2956" type="cond" truecount="1" falsecount="1"/>
        <line num="114" count="0" type="stmt"/>
        <line num="116" count="2956" type="cond" truecount="2" falsecount="0"/>
        <line num="117" count="1" type="stmt"/>
        <line num="119" count="2956" type="cond" truecount="2" falsecount="0"/>
        <line num="120" count="5896" type="cond" truecount="3" falsecount="1"/>
        <line num="121" count="0" type="stmt"/>
        <line num="124" count="2956" type="cond" truecount="1" falsecount="1"/>
        <line num="125" count="0" type="stmt"/>
        <line num="127" count="2956" type="cond" truecount="1" falsecount="1"/>
        <line num="128" count="0" type="stmt"/>
        <line num="130" count="2956" type="cond" truecount="1" falsecount="1"/>
        <line num="131" count="0" type="stmt"/>
        <line num="133" count="2956" type="cond" truecount="1" falsecount="1"/>
        <line num="134" count="0" type="stmt"/>
        <line num="137" count="2956" type="cond" truecount="2" falsecount="0"/>
        <line num="138" count="1" type="stmt"/>
        <line num="140" count="2956" type="cond" truecount="2" falsecount="0"/>
        <line num="141" count="269" type="cond" truecount="1" falsecount="1"/>
        <line num="142" count="0" type="stmt"/>
        <line num="144" count="269" type="stmt"/>
        <line num="145" count="269" type="cond" truecount="4" falsecount="1"/>
        <line num="146" count="0" type="stmt"/>
        <line num="147" count="269" type="cond" truecount="2" falsecount="0"/>
        <line num="148" count="1" type="stmt"/>
        <line num="155" count="74" type="stmt"/>
        <line num="164" count="67" type="stmt"/>
        <line num="170" count="67" type="stmt"/>
        <line num="171" count="67" type="cond" truecount="1" falsecount="1"/>
        <line num="172" count="0" type="stmt"/>
        <line num="174" count="67" type="stmt"/>
        <line num="186" count="841" type="stmt"/>
        <line num="210" count="45" type="stmt"/>
        <line num="217" count="1980" type="stmt"/>
        <line num="218" count="1980" type="cond" truecount="2" falsecount="0"/>
        <line num="220" count="45" type="stmt"/>
        <line num="221" count="45" type="stmt"/>
        <line num="223" count="45" type="stmt"/>
        <line num="224" count="841" type="cond" truecount="4" falsecount="0"/>
        <line num="225" count="605" type="stmt"/>
        <line num="226" count="605" type="cond" truecount="2" falsecount="0"/>
        <line num="227" count="605" type="cond" truecount="2" falsecount="0"/>
        <line num="228" count="68" type="stmt"/>
        <line num="229" count="68" type="cond" truecount="1" falsecount="1"/>
        <line num="230" count="68" type="stmt"/>
        <line num="235" count="45" type="stmt"/>
        <line num="236" count="180" type="cond" truecount="2" falsecount="0"/>
        <line num="237" count="73" type="stmt"/>
        <line num="238" count="3212" type="cond" truecount="4" falsecount="0"/>
        <line num="239" count="773" type="stmt"/>
        <line num="242" count="45" type="stmt"/>
        <line num="255" count="38" type="stmt"/>
        <line num="256" count="38" type="cond" truecount="2" falsecount="0"/>
        <line num="257" count="1" type="stmt"/>
        <line num="259" count="37" type="stmt"/>
        <line num="260" count="37" type="stmt"/>
        <line num="271" count="37" type="stmt"/>
        <line num="273" count="37" type="stmt"/>
        <line num="274" count="37" type="stmt"/>
        <line num="290" count="37" type="stmt"/>
        <line num="291" count="491" type="stmt"/>
        <line num="299" count="37" type="stmt"/>
      </file>
    </package>
    <package name="features.export">
      <metrics statements="88" coveredstatements="85" conditionals="61" coveredconditionals="43" methods="29" coveredmethods="28"/>
      <file name="export.service.ts" path="/home/opc/AuditIA/features/export/export.service.ts">
        <metrics statements="88" coveredstatements="85" conditionals="61" coveredconditionals="43" methods="29" coveredmethods="28"/>
        <line num="30" count="1" type="stmt"/>
        <line num="32" count="1" type="stmt"/>
        <line num="38" count="1" type="stmt"/>
        <line num="56" count="9" type="stmt"/>
        <line num="57" count="9" type="cond" truecount="2" falsecount="0"/>
        <line num="58" count="1" type="stmt"/>
        <line num="62" count="8" type="stmt"/>
        <line num="63" count="8" type="cond" truecount="1" falsecount="1"/>
        <line num="64" count="0" type="stmt"/>
        <line num="66" count="8" type="stmt"/>
        <line num="67" count="8" type="stmt"/>
        <line num="68" count="8" type="stmt"/>
        <line num="69" count="8" type="stmt"/>
        <line num="71" count="8" type="stmt"/>
        <line num="72" count="8" type="stmt"/>
        <line num="73" count="8" type="cond" truecount="1" falsecount="1"/>
        <line num="74" count="8" type="stmt"/>
        <line num="76" count="8" type="stmt"/>
        <line num="77" count="8" type="stmt"/>
        <line num="78" count="128" type="stmt"/>
        <line num="81" count="8" type="stmt"/>
        <line num="100" count="68" type="stmt"/>
        <line num="101" count="17" type="cond" truecount="4" falsecount="0"/>
        <line num="102" count="2" type="stmt"/>
        <line num="104" count="17" type="stmt"/>
        <line num="108" count="34" type="cond" truecount="4" falsecount="0"/>
        <line num="109" count="18" type="stmt"/>
        <line num="111" count="16" type="stmt"/>
        <line num="115" count="32" type="cond" truecount="3" falsecount="1"/>
        <line num="116" count="0" type="stmt"/>
        <line num="118" count="256" type="stmt"/>
        <line num="123" count="64" type="stmt"/>
        <line num="125" count="32" type="stmt"/>
        <line num="126" count="32" type="cond" truecount="1" falsecount="1"/>
        <line num="127" count="32" type="cond" truecount="1" falsecount="1"/>
        <line num="128" count="32" type="cond" truecount="1" falsecount="1"/>
        <line num="132" count="16" type="stmt"/>
        <line num="135" count="34" type="cond" truecount="2" falsecount="0"/>
        <line num="138" count="34" type="stmt"/>
        <line num="143" count="16" type="cond" truecount="1" falsecount="1"/>
        <line num="145" count="32" type="stmt"/>
        <line num="147" count="16" type="stmt"/>
        <line num="182" count="9" type="stmt"/>
        <line num="190" count="2" type="stmt"/>
        <line num="191" count="2" type="cond" truecount="1" falsecount="1"/>
        <line num="192" count="2" type="stmt"/>
        <line num="193" count="2" type="stmt"/>
        <line num="194" count="2" type="stmt"/>
        <line num="199" count="1" type="stmt"/>
        <line num="200" count="7" type="stmt"/>
        <line num="201" count="17" type="stmt"/>
        <line num="202" count="1" type="stmt"/>
        <line num="203" count="7" type="stmt"/>
        <line num="204" count="12" type="stmt"/>
        <line num="206" count="1" type="stmt"/>
        <line num="210" count="4" type="stmt"/>
        <line num="211" count="2" type="stmt"/>
        <line num="212" count="2" type="cond" truecount="1" falsecount="1"/>
        <line num="213" count="2" type="cond" truecount="1" falsecount="1"/>
        <line num="214" count="2" type="stmt"/>
        <line num="221" count="1" type="stmt"/>
        <line num="222" count="2" type="cond" truecount="2" falsecount="0"/>
        <line num="223" count="2" type="stmt"/>
        <line num="224" count="2" type="cond" truecount="2" falsecount="0"/>
        <line num="225" count="1" type="stmt"/>
        <line num="227" count="1" type="stmt"/>
        <line num="229" count="2" type="cond" truecount="1" falsecount="1"/>
        <line num="230" count="2" type="stmt"/>
        <line num="231" count="2" type="cond" truecount="1" falsecount="1"/>
        <line num="232" count="2" type="cond" truecount="1" falsecount="1"/>
        <line num="233" count="0" type="stmt"/>
        <line num="235" count="16" type="stmt"/>
        <line num="238" count="2" type="stmt"/>
        <line num="241" count="1" type="stmt"/>
        <line num="252" count="2" type="stmt"/>
        <line num="273" count="1" type="stmt"/>
        <line num="277" count="7" type="stmt"/>
        <line num="278" count="7" type="stmt"/>
        <line num="279" count="7" type="cond" truecount="2" falsecount="0"/>
        <line num="280" count="7" type="cond" truecount="1" falsecount="1"/>
        <line num="297" count="9" type="cond" truecount="2" falsecount="0"/>
        <line num="298" count="1" type="stmt"/>
        <line num="300" count="8" type="stmt"/>
        <line num="301" count="7" type="stmt"/>
        <line num="302" count="7" type="cond" truecount="2" falsecount="0"/>
        <line num="304" count="7" type="stmt"/>
        <line num="305" count="7" type="stmt"/>
        <line num="312" count="7" type="stmt"/>
      </file>
    </package>
    <package name="features.session">
      <metrics statements="45" coveredstatements="45" conditionals="15" coveredconditionals="11" methods="15" coveredmethods="15"/>
      <file name="session.service.ts" path="/home/opc/AuditIA/features/session/session.service.ts">
        <metrics statements="45" coveredstatements="45" conditionals="15" coveredconditionals="11" methods="15" coveredmethods="15"/>
        <line num="17" count="3" type="stmt"/>
        <line num="20" count="3" type="stmt"/>
        <line num="24" count="2" type="stmt"/>
        <line num="32" count="1" type="stmt"/>
        <line num="37" count="4" type="stmt"/>
        <line num="42" count="1" type="stmt"/>
        <line num="50" count="3" type="stmt"/>
        <line num="57" count="33" type="stmt"/>
        <line num="67" count="33" type="stmt"/>
        <line num="76" count="1" type="stmt"/>
        <line num="88" count="2" type="stmt"/>
        <line num="89" count="2" type="stmt"/>
        <line num="100" count="2" type="stmt"/>
        <line num="105" count="2" type="stmt"/>
        <line num="113" count="1" type="stmt"/>
        <line num="114" count="1" type="stmt"/>
        <line num="115" count="1" type="stmt"/>
        <line num="116" count="2" type="stmt"/>
        <line num="122" count="1" type="stmt"/>
        <line num="136" count="18" type="stmt"/>
        <line num="140" count="792" type="stmt"/>
        <line num="142" count="18" type="stmt"/>
        <line num="143" count="18" type="stmt"/>
        <line num="145" count="18" type="stmt"/>
        <line num="146" count="242" type="cond" truecount="2" falsecount="0"/>
        <line num="147" count="241" type="stmt"/>
        <line num="148" count="241" type="cond" truecount="1" falsecount="1"/>
        <line num="149" count="241" type="cond" truecount="2" falsecount="0"/>
        <line num="150" count="27" type="stmt"/>
        <line num="151" count="27" type="stmt"/>
        <line num="153" count="241" type="stmt"/>
        <line num="154" count="241" type="cond" truecount="2" falsecount="0"/>
        <line num="155" count="14" type="stmt"/>
        <line num="159" count="18" type="stmt"/>
        <line num="160" count="18" type="stmt"/>
        <line num="161" count="18" type="stmt"/>
        <line num="162" count="18" type="stmt"/>
        <line num="163" count="27" type="cond" truecount="1" falsecount="1"/>
        <line num="164" count="27" type="stmt"/>
        <line num="169" count="27" type="stmt"/>
        <line num="170" count="27" type="stmt"/>
        <line num="173" count="18" type="stmt"/>
        <line num="186" count="1" type="stmt"/>
        <line num="187" count="1" type="stmt"/>
        <line num="188" count="1" type="stmt"/>
      </file>
    </package>
    <package name="utils">
      <metrics statements="29" coveredstatements="10" conditionals="6" coveredconditionals="1" methods="5" coveredmethods="3"/>
      <file name="base64.ts" path="/home/opc/AuditIA/utils/base64.ts">
        <metrics statements="16" coveredstatements="0" conditionals="4" coveredconditionals="0" methods="2" coveredmethods="0"/>
        <line num="5" count="0" type="stmt"/>
        <line num="7" count="0" type="stmt"/>
        <line num="11" count="0" type="stmt"/>
        <line num="12" count="0" type="stmt"/>
        <line num="13" count="0" type="stmt"/>
        <line num="14" count="0" type="stmt"/>
        <line num="15" count="0" type="stmt"/>
        <line num="16" count="0" type="stmt"/>
        <line num="17" count="0" type="cond" truecount="0" falsecount="2"/>
        <line num="18" count="0" type="stmt"/>
        <line num="20" count="0" type="stmt"/>
        <line num="21" count="0" type="stmt"/>
        <line num="22" count="0" type="cond" truecount="0" falsecount="2"/>
        <line num="23" count="0" type="stmt"/>
        <line num="24" count="0" type="stmt"/>
        <line num="27" count="0" type="stmt"/>
      </file>
      <file name="ids.ts" path="/home/opc/AuditIA/utils/ids.ts">
        <metrics statements="13" coveredstatements="10" conditionals="2" coveredconditionals="1" methods="3" coveredmethods="3"/>
        <line num="7" count="546" type="stmt"/>
        <line num="8" count="546" type="stmt"/>
        <line num="9" count="546" type="cond" truecount="1" falsecount="1"/>
        <line num="10" count="546" type="stmt"/>
        <line num="11" count="546" type="stmt"/>
        <line num="13" count="0" type="stmt"/>
        <line num="14" count="0" type="stmt"/>
        <line num="16" count="0" type="stmt"/>
        <line num="21" count="546" type="stmt"/>
        <line num="22" count="546" type="stmt"/>
        <line num="23" count="546" type="stmt"/>
        <line num="24" count="8736" type="stmt"/>
        <line num="25" count="546" type="stmt"/>
      </file>
    </package>
  </project>
</coverage>
