<?xml version="1.0" encoding="UTF-8"?>
<coverage generated="1783338347211" clover="3.2.0">
  <project timestamp="1783338347211" name="All files">
    <metrics statements="297" coveredstatements="278" conditionals="216" coveredconditionals="182" methods="87" coveredmethods="85" elements="600" coveredelements="545" complexity="0" loc="297" ncloc="297" packages="8" files="10" classes="10"/>
    <package name="ai.confidence">
      <metrics statements="2" coveredstatements="2" conditionals="1" coveredconditionals="1" methods="3" coveredmethods="3"/>
      <file name="confidence.filter.ts" path="/home/opc/AuditIA/ai/confidence/confidence.filter.ts">
        <metrics statements="2" coveredstatements="2" conditionals="1" coveredconditionals="1" methods="3" coveredmethods="3"/>
        <line num="12" count="1" type="stmt"/>
        <line num="22" count="9" type="stmt"/>
      </file>
    </package>
    <package name="ai.llm">
      <metrics statements="8" coveredstatements="6" conditionals="6" coveredconditionals="6" methods="3" coveredmethods="3"/>
      <file name="llm.client.ts" path="/home/opc/AuditIA/ai/llm/llm.client.ts">
        <metrics statements="6" coveredstatements="6" conditionals="6" coveredconditionals="6" methods="3" coveredmethods="3"/>
        <line num="17" count="7" type="cond" truecount="2" falsecount="0"/>
        <line num="18" count="5" type="cond" truecount="2" falsecount="0"/>
        <line num="19" count="3" type="cond" truecount="2" falsecount="0"/>
        <line num="20" count="1" type="stmt"/>
        <line num="29" count="2" type="stmt"/>
        <line num="34" count="1" type="stmt"/>
      </file>
      <file name="llm.prompts.ts" path="/home/opc/AuditIA/ai/llm/llm.prompts.ts">
        <metrics statements="2" coveredstatements="0" conditionals="0" coveredconditionals="0" methods="0" coveredmethods="0"/>
        <line num="8" count="0" type="stmt"/>
        <line num="33" count="0" type="stmt"/>
      </file>
    </package>
    <package name="ai.stt">
      <metrics statements="1" coveredstatements="0" conditionals="0" coveredconditionals="0" methods="1" coveredmethods="0"/>
      <file name="stt.client.ts" path="/home/opc/AuditIA/ai/stt/stt.client.ts">
        <metrics statements="1" coveredstatements="0" conditionals="0" coveredconditionals="0" methods="1" coveredmethods="0"/>
        <line num="13" count="0" type="stmt"/>
      </file>
    </package>
    <package name="features.analysis">
      <metrics statements="24" coveredstatements="24" conditionals="15" coveredconditionals="13" methods="10" coveredmethods="10"/>
      <file name="analysis.service.ts" path="/home/opc/AuditIA/features/analysis/analysis.service.ts">
        <metrics statements="24" coveredstatements="24" conditionals="15" coveredconditionals="13" methods="10" coveredmethods="10"/>
        <line num="24" count="10" type="stmt"/>
        <line num="27" count="2" type="stmt"/>
        <line num="44" count="11" type="stmt"/>
        <line num="48" count="484" type="stmt"/>
        <line num="49" count="11" type="stmt"/>
        <line num="50" count="11" type="stmt"/>
        <line num="51" count="158" type="stmt"/>
        <line num="52" count="158" type="stmt"/>
        <line num="53" count="158" type="cond" truecount="4" falsecount="0"/>
        <line num="54" count="157" type="stmt"/>
        <line num="62" count="11" type="stmt"/>
        <line num="76" count="16" type="stmt"/>
        <line num="77" count="16" type="stmt"/>
        <line num="88" count="16" type="stmt"/>
        <line num="93" count="16" type="stmt"/>
        <line num="98" count="14" type="stmt"/>
        <line num="105" count="11" type="stmt"/>
        <line num="118" count="2" type="stmt"/>
        <line num="126" count="1" type="stmt"/>
        <line num="131" count="18" type="cond" truecount="2" falsecount="0"/>
        <line num="140" count="14" type="stmt"/>
        <line num="145" count="14" type="cond" truecount="1" falsecount="1"/>
        <line num="146" count="14" type="cond" truecount="2" falsecount="0"/>
        <line num="147" count="14" type="stmt"/>
      </file>
    </package>
    <package name="features.briefing">
      <metrics statements="100" coveredstatements="88" conditionals="112" coveredconditionals="99" methods="21" coveredmethods="21"/>
      <file name="briefing.service.ts" path="/home/opc/AuditIA/features/briefing/briefing.service.ts">
        <metrics statements="100" coveredstatements="88" conditionals="112" coveredconditionals="99" methods="21" coveredmethods="21"/>
        <line num="42" count="52" type="stmt"/>
        <line num="44" count="52" type="cond" truecount="4" falsecount="0"/>
        <line num="45" count="2" type="stmt"/>
        <line num="47" count="81" type="cond" truecount="5" falsecount="0"/>
        <line num="48" count="2" type="stmt"/>
        <line num="50" count="52" type="cond" truecount="4" falsecount="0"/>
        <line num="51" count="3" type="stmt"/>
        <line num="53" count="52" type="cond" truecount="4" falsecount="0"/>
        <line num="54" count="1" type="stmt"/>
        <line num="56" count="52" type="cond" truecount="4" falsecount="0"/>
        <line num="57" count="1" type="stmt"/>
        <line num="59" count="52" type="cond" truecount="4" falsecount="0"/>
        <line num="60" count="2" type="stmt"/>
        <line num="62" count="52" type="stmt"/>
        <line num="66" count="10225" type="cond" truecount="3" falsecount="0"/>
        <line num="70" count="23742" type="cond" truecount="2" falsecount="0"/>
        <line num="74" count="57932" type="cond" truecount="3" falsecount="0"/>
        <line num="84" count="85" type="stmt"/>
        <line num="85" count="85" type="cond" truecount="2" falsecount="0"/>
        <line num="86" count="3" type="stmt"/>
        <line num="89" count="82" type="stmt"/>
        <line num="90" count="82" type="stmt"/>
        <line num="91" count="3308" type="cond" truecount="1" falsecount="1"/>
        <line num="94" count="82" type="stmt"/>
        <line num="95" count="3308" type="stmt"/>
        <line num="96" count="3308" type="cond" truecount="1" falsecount="1"/>
        <line num="97" count="0" type="stmt"/>
        <line num="98" count="0" type="stmt"/>
        <line num="100" count="3308" type="stmt"/>
        <line num="101" count="3308" type="cond" truecount="4" falsecount="0"/>
        <line num="102" count="1" type="stmt"/>
        <line num="103" count="3307" type="cond" truecount="2" falsecount="0"/>
        <line num="104" count="1" type="stmt"/>
        <line num="106" count="3306" type="stmt"/>
        <line num="108" count="3308" type="cond" truecount="3" falsecount="1"/>
        <line num="109" count="0" type="stmt"/>
        <line num="110" count="3308" type="cond" truecount="4" falsecount="0"/>
        <line num="111" count="2" type="stmt"/>
        <line num="113" count="3308" type="cond" truecount="1" falsecount="1"/>
        <line num="114" count="0" type="stmt"/>
        <line num="116" count="3308" type="cond" truecount="2" falsecount="0"/>
        <line num="117" count="1" type="stmt"/>
        <line num="119" count="3308" type="cond" truecount="2" falsecount="0"/>
        <line num="120" count="6600" type="cond" truecount="3" falsecount="1"/>
        <line num="121" count="0" type="stmt"/>
        <line num="124" count="3308" type="cond" truecount="1" falsecount="1"/>
        <line num="125" count="0" type="stmt"/>
        <line num="127" count="3308" type="cond" truecount="1" falsecount="1"/>
        <line num="128" count="0" type="stmt"/>
        <line num="130" count="3308" type="cond" truecount="1" falsecount="1"/>
        <line num="131" count="0" type="stmt"/>
        <line num="133" count="3308" type="cond" truecount="1" falsecount="1"/>
        <line num="134" count="0" type="stmt"/>
        <line num="137" count="3308" type="cond" truecount="2" falsecount="0"/>
        <line num="138" count="1" type="stmt"/>
        <line num="140" count="3308" type="cond" truecount="2" falsecount="0"/>
        <line num="141" count="301" type="cond" truecount="1" falsecount="1"/>
        <line num="142" count="0" type="stmt"/>
        <line num="144" count="301" type="stmt"/>
        <line num="145" count="301" type="cond" truecount="4" falsecount="1"/>
        <line num="146" count="0" type="stmt"/>
        <line num="147" count="301" type="cond" truecount="2" falsecount="0"/>
        <line num="148" count="1" type="stmt"/>
        <line num="155" count="82" type="stmt"/>
        <line num="164" count="75" type="stmt"/>
        <line num="170" count="75" type="stmt"/>
        <line num="171" count="75" type="cond" truecount="1" falsecount="1"/>
        <line num="172" count="0" type="stmt"/>
        <line num="174" count="75" type="stmt"/>
        <line num="186" count="923" type="stmt"/>
        <line num="210" count="49" type="stmt"/>
        <line num="217" count="2156" type="stmt"/>
        <line num="218" count="2156" type="cond" truecount="2" falsecount="0"/>
        <line num="220" count="49" type="stmt"/>
        <line num="221" count="49" type="stmt"/>
        <line num="223" count="49" type="stmt"/>
        <line num="224" count="923" type="cond" truecount="4" falsecount="0"/>
        <line num="225" count="664" type="stmt"/>
        <line num="226" count="664" type="cond" truecount="2" falsecount="0"/>
        <line num="227" count="664" type="cond" truecount="2" falsecount="0"/>
        <line num="228" count="75" type="stmt"/>
        <line num="229" count="75" type="cond" truecount="1" falsecount="1"/>
        <line num="230" count="75" type="stmt"/>
        <line num="235" count="49" type="stmt"/>
        <line num="236" count="196" type="cond" truecount="2" falsecount="0"/>
        <line num="237" count="80" type="stmt"/>
        <line num="238" count="3520" type="cond" truecount="4" falsecount="0"/>
        <line num="239" count="848" type="stmt"/>
        <line num="242" count="49" type="stmt"/>
        <line num="255" count="42" type="stmt"/>
        <line num="256" count="42" type="cond" truecount="2" falsecount="0"/>
        <line num="257" count="1" type="stmt"/>
        <line num="259" count="41" type="stmt"/>
        <line num="260" count="41" type="stmt"/>
        <line num="271" count="41" type="stmt"/>
        <line num="273" count="41" type="stmt"/>
        <line num="274" count="41" type="stmt"/>
        <line num="290" count="41" type="stmt"/>
        <line num="291" count="550" type="stmt"/>
        <line num="299" count="41" type="stmt"/>
      </file>
    </package>
    <package name="features.export">
      <metrics statements="88" coveredstatements="87" conditionals="61" coveredconditionals="46" methods="29" coveredmethods="28"/>
      <file name="export.service.ts" path="/home/opc/AuditIA/features/export/export.service.ts">
        <metrics statements="88" coveredstatements="87" conditionals="61" coveredconditionals="46" methods="29" coveredmethods="28"/>
        <line num="30" count="1" type="stmt"/>
        <line num="32" count="1" type="stmt"/>
        <line num="38" count="1" type="stmt"/>
        <line num="56" count="11" type="stmt"/>
        <line num="57" count="11" type="cond" truecount="2" falsecount="0"/>
        <line num="58" count="1" type="stmt"/>
        <line num="62" count="10" type="stmt"/>
        <line num="63" count="10" type="cond" truecount="2" falsecount="0"/>
        <line num="64" count="1" type="stmt"/>
        <line num="66" count="9" type="stmt"/>
        <line num="67" count="9" type="stmt"/>
        <line num="68" count="9" type="stmt"/>
        <line num="69" count="9" type="stmt"/>
        <line num="71" count="9" type="stmt"/>
        <line num="72" count="9" type="stmt"/>
        <line num="73" count="8" type="cond" truecount="1" falsecount="1"/>
        <line num="74" count="8" type="stmt"/>
        <line num="76" count="9" type="stmt"/>
        <line num="77" count="9" type="stmt"/>
        <line num="78" count="128" type="stmt"/>
        <line num="81" count="9" type="stmt"/>
        <line num="100" count="76" type="stmt"/>
        <line num="101" count="19" type="cond" truecount="4" falsecount="0"/>
        <line num="102" count="2" type="stmt"/>
        <line num="104" count="19" type="stmt"/>
        <line num="108" count="38" type="cond" truecount="4" falsecount="0"/>
        <line num="109" count="22" type="stmt"/>
        <line num="111" count="16" type="stmt"/>
        <line num="115" count="36" type="cond" truecount="4" falsecount="0"/>
        <line num="116" count="4" type="stmt"/>
        <line num="118" count="256" type="stmt"/>
        <line num="123" count="72" type="stmt"/>
        <line num="125" count="36" type="stmt"/>
        <line num="126" count="36" type="cond" truecount="1" falsecount="1"/>
        <line num="127" count="36" type="cond" truecount="1" falsecount="1"/>
        <line num="128" count="36" type="cond" truecount="1" falsecount="1"/>
        <line num="132" count="18" type="stmt"/>
        <line num="135" count="38" type="cond" truecount="2" falsecount="0"/>
        <line num="138" count="38" type="stmt"/>
        <line num="143" count="18" type="cond" truecount="1" falsecount="1"/>
        <line num="145" count="36" type="stmt"/>
        <line num="147" count="18" type="stmt"/>
        <line num="182" count="10" type="stmt"/>
        <line num="190" count="3" type="stmt"/>
        <line num="191" count="3" type="cond" truecount="1" falsecount="1"/>
        <line num="192" count="3" type="stmt"/>
        <line num="193" count="3" type="stmt"/>
        <line num="194" count="3" type="stmt"/>
        <line num="199" count="1" type="stmt"/>
        <line num="200" count="7" type="stmt"/>
        <line num="201" count="17" type="stmt"/>
        <line num="202" count="1" type="stmt"/>
        <line num="203" count="7" type="stmt"/>
        <line num="204" count="12" type="stmt"/>
        <line num="206" count="1" type="stmt"/>
        <line num="210" count="4" type="stmt"/>
        <line num="211" count="2" type="stmt"/>
        <line num="212" count="2" type="cond" truecount="1" falsecount="1"/>
        <line num="213" count="2" type="cond" truecount="1" falsecount="1"/>
        <line num="214" count="2" type="stmt"/>
        <line num="221" count="1" type="stmt"/>
        <line num="222" count="2" type="cond" truecount="2" falsecount="0"/>
        <line num="223" count="2" type="stmt"/>
        <line num="224" count="2" type="cond" truecount="2" falsecount="0"/>
        <line num="225" count="1" type="stmt"/>
        <line num="227" count="1" type="stmt"/>
        <line num="229" count="2" type="cond" truecount="1" falsecount="1"/>
        <line num="230" count="2" type="stmt"/>
        <line num="231" count="2" type="cond" truecount="1" falsecount="1"/>
        <line num="232" count="2" type="cond" truecount="1" falsecount="1"/>
        <line num="233" count="0" type="stmt"/>
        <line num="235" count="16" type="stmt"/>
        <line num="238" count="2" type="stmt"/>
        <line num="241" count="1" type="stmt"/>
        <line num="252" count="2" type="stmt"/>
        <line num="273" count="1" type="stmt"/>
        <line num="277" count="8" type="stmt"/>
        <line num="278" count="8" type="stmt"/>
        <line num="279" count="8" type="cond" truecount="2" falsecount="0"/>
        <line num="280" count="8" type="cond" truecount="1" falsecount="1"/>
        <line num="297" count="10" type="cond" truecount="2" falsecount="0"/>
        <line num="298" count="1" type="stmt"/>
        <line num="300" count="9" type="stmt"/>
        <line num="301" count="8" type="stmt"/>
        <line num="302" count="8" type="cond" truecount="2" falsecount="0"/>
        <line num="304" count="8" type="stmt"/>
        <line num="305" count="8" type="stmt"/>
        <line num="312" count="8" type="stmt"/>
      </file>
    </package>
    <package name="features.session">
      <metrics statements="45" coveredstatements="45" conditionals="15" coveredconditionals="12" methods="15" coveredmethods="15"/>
      <file name="session.service.ts" path="/home/opc/AuditIA/features/session/session.service.ts">
        <metrics statements="45" coveredstatements="45" conditionals="15" coveredconditionals="12" methods="15" coveredmethods="15"/>
        <line num="17" count="3" type="stmt"/>
        <line num="20" count="3" type="stmt"/>
        <line num="24" count="2" type="stmt"/>
        <line num="32" count="1" type="stmt"/>
        <line num="37" count="4" type="stmt"/>
        <line num="42" count="1" type="stmt"/>
        <line num="50" count="3" type="stmt"/>
        <line num="57" count="36" type="stmt"/>
        <line num="67" count="54" type="stmt"/>
        <line num="76" count="1" type="stmt"/>
        <line num="88" count="2" type="stmt"/>
        <line num="89" count="2" type="stmt"/>
        <line num="100" count="2" type="stmt"/>
        <line num="105" count="2" type="stmt"/>
        <line num="113" count="1" type="stmt"/>
        <line num="114" count="1" type="stmt"/>
        <line num="115" count="1" type="stmt"/>
        <line num="116" count="2" type="stmt"/>
        <line num="122" count="1" type="stmt"/>
        <line num="136" count="20" type="stmt"/>
        <line num="140" count="880" type="stmt"/>
        <line num="142" count="20" type="stmt"/>
        <line num="143" count="20" type="stmt"/>
        <line num="145" count="20" type="stmt"/>
        <line num="146" count="259" type="cond" truecount="2" falsecount="0"/>
        <line num="147" count="258" type="stmt"/>
        <line num="148" count="258" type="cond" truecount="1" falsecount="1"/>
        <line num="149" count="258" type="cond" truecount="2" falsecount="0"/>
        <line num="150" count="29" type="stmt"/>
        <line num="151" count="29" type="stmt"/>
        <line num="153" count="258" type="stmt"/>
        <line num="154" count="258" type="cond" truecount="2" falsecount="0"/>
        <line num="155" count="31" type="stmt"/>
        <line num="159" count="20" type="stmt"/>
        <line num="160" count="20" type="stmt"/>
        <line num="161" count="20" type="stmt"/>
        <line num="162" count="20" type="stmt"/>
        <line num="163" count="29" type="cond" truecount="1" falsecount="1"/>
        <line num="164" count="29" type="stmt"/>
        <line num="169" count="29" type="stmt"/>
        <line num="170" count="29" type="stmt"/>
        <line num="173" count="20" type="stmt"/>
        <line num="186" count="1" type="stmt"/>
        <line num="187" count="1" type="stmt"/>
        <line num="188" count="1" type="stmt"/>
      </file>
    </package>
    <package name="utils">
      <metrics statements="29" coveredstatements="26" conditionals="6" coveredconditionals="5" methods="5" coveredmethods="5"/>
      <file name="base64.ts" path="/home/opc/AuditIA/utils/base64.ts">
        <metrics statements="16" coveredstatements="16" conditionals="4" coveredconditionals="4" methods="2" coveredmethods="2"/>
        <line num="5" count="1" type="stmt"/>
        <line num="7" count="64" type="stmt"/>
        <line num="11" count="7" type="stmt"/>
        <line num="12" count="7" type="stmt"/>
        <line num="13" count="7" type="stmt"/>
        <line num="14" count="7" type="stmt"/>
        <line num="15" count="7" type="stmt"/>
        <line num="16" count="46" type="stmt"/>
        <line num="17" count="46" type="cond" truecount="2" falsecount="0"/>
        <line num="18" count="1" type="stmt"/>
        <line num="20" count="45" type="stmt"/>
        <line num="21" count="45" type="stmt"/>
        <line num="22" count="45" type="cond" truecount="2" falsecount="0"/>
        <line num="23" count="32" type="stmt"/>
        <line num="24" count="32" type="stmt"/>
        <line num="27" count="6" type="stmt"/>
      </file>
      <file name="ids.ts" path="/home/opc/AuditIA/utils/ids.ts">
        <metrics statements="13" coveredstatements="10" conditionals="2" coveredconditionals="1" methods="3" coveredmethods="3"/>
        <line num="7" count="609" type="stmt"/>
        <line num="8" count="609" type="stmt"/>
        <line num="9" count="609" type="cond" truecount="1" falsecount="1"/>
        <line num="10" count="609" type="stmt"/>
        <line num="11" count="609" type="stmt"/>
        <line num="13" count="0" type="stmt"/>
        <line num="14" count="0" type="stmt"/>
        <line num="16" count="0" type="stmt"/>
        <line num="21" count="609" type="stmt"/>
        <line num="22" count="609" type="stmt"/>
        <line num="23" count="609" type="stmt"/>
        <line num="24" count="9744" type="stmt"/>
        <line num="25" count="609" type="stmt"/>
      </file>
    </package>
  </project>
</coverage>
