{"/home/opc/AuditIA/ai/confidence/confidence.filter.ts": {"path":"/home/opc/AuditIA/ai/confidence/confidence.filter.ts","statementMap":{"0":{"start":{"line":12,"column":44},"end":{"line":12,"column":47}},"1":{"start":{"line":22,"column":2},"end":{"line":22,"column":82}},"2":{"start":{"line":22,"column":35},"end":{"line":22,"column":60}},"3":{"start":{"line":22,"column":73},"end":{"line":22,"column":80}}},"fnMap":{"0":{"name":"filterByConfidence","decl":{"start":{"line":18,"column":16},"end":{"line":18,"column":34}},"loc":{"start":{"line":21,"column":7},"end":{"line":23,"column":1}},"line":21},"1":{"name":"(anonymous_1)","decl":{"start":{"line":22,"column":28},"end":{"line":22,"column":29}},"loc":{"start":{"line":22,"column":35},"end":{"line":22,"column":60}},"line":22},"2":{"name":"(anonymous_2)","decl":{"start":{"line":22,"column":66},"end":{"line":22,"column":67}},"loc":{"start":{"line":22,"column":73},"end":{"line":22,"column":80}},"line":22}},"branchMap":{"0":{"loc":{"start":{"line":20,"column":2},"end":{"line":20,"column":50}},"type":"default-arg","locations":[{"start":{"line":20,"column":22},"end":{"line":20,"column":50}}],"line":20}},"s":{"0":1,"1":3,"2":9,"3":5},"f":{"0":3,"1":9,"2":5},"b":{"0":[2]},"_coverageSchema":"1a1c01bbd47fc00a2c39e90264f33305004495a9","hash":"45ffda8eaad991bfeea0c134c24c23f524242691"}
,"/home/opc/AuditIA/ai/llm/llm.client.ts": {"path":"/home/opc/AuditIA/ai/llm/llm.client.ts","statementMap":{"0":{"start":{"line":17,"column":2},"end":{"line":17,"column":88}},"1":{"start":{"line":17,"column":27},"end":{"line":17,"column":88}},"2":{"start":{"line":18,"column":2},"end":{"line":18,"column":86}},"3":{"start":{"line":18,"column":29},"end":{"line":18,"column":86}},"4":{"start":{"line":19,"column":2},"end":{"line":19,"column":92}},"5":{"start":{"line":19,"column":29},"end":{"line":19,"column":92}},"6":{"start":{"line":20,"column":2},"end":{"line":20,"column":39}},"7":{"start":{"line":29,"column":2},"end":{"line":29,"column":39}},"8":{"start":{"line":34,"column":2},"end":{"line":34,"column":35}}},"fnMap":{"0":{"name":"selectModelForRam","decl":{"start":{"line":16,"column":16},"end":{"line":16,"column":33}},"loc":{"start":{"line":16,"column":75},"end":{"line":21,"column":1}},"line":16},"1":{"name":"getLlmAvailability","decl":{"start":{"line":28,"column":16},"end":{"line":28,"column":34}},"loc":{"start":{"line":28,"column":54},"end":{"line":30,"column":1}},"line":28},"2":{"name":"getCurrentLlmMode","decl":{"start":{"line":33,"column":16},"end":{"line":33,"column":33}},"loc":{"start":{"line":33,"column":45},"end":{"line":35,"column":1}},"line":33}},"branchMap":{"0":{"loc":{"start":{"line":17,"column":2},"end":{"line":17,"column":88}},"type":"if","locations":[{"start":{"line":17,"column":2},"end":{"line":17,"column":88}},{"start":{},"end":{}}],"line":17},"1":{"loc":{"start":{"line":18,"column":2},"end":{"line":18,"column":86}},"type":"if","locations":[{"start":{"line":18,"column":2},"end":{"line":18,"column":86}},{"start":{},"end":{}}],"line":18},"2":{"loc":{"start":{"line":19,"column":2},"end":{"line":19,"column":92}},"type":"if","locations":[{"start":{"line":19,"column":2},"end":{"line":19,"column":92}},{"start":{},"end":{}}],"line":19}},"s":{"0":7,"1":2,"2":5,"3":2,"4":3,"5":2,"6":1,"7":2,"8":1},"f":{"0":7,"1":2,"2":1},"b":{"0":[2,5],"1":[2,3],"2":[2,1]},"_coverageSchema":"1a1c01bbd47fc00a2c39e90264f33305004495a9","hash":"0e33538d6d02f176cc073e03be384c5d05dbcaa6"}
,"/home/opc/AuditIA/ai/llm/llm.prompts.ts": {"path":"/home/opc/AuditIA/ai/llm/llm.prompts.ts","statementMap":{"0":{"start":{"line":8,"column":35},"end":{"line":31,"column":8}},"1":{"start":{"line":33,"column":30},"end":{"line":54,"column":8}}},"fnMap":{},"branchMap":{},"s":{"0":0,"1":0},"f":{},"b":{}}
,"/home/opc/AuditIA/ai/stt/stt.client.ts": {"path":"/home/opc/AuditIA/ai/stt/stt.client.ts","statementMap":{"0":{"start":{"line":13,"column":2},"end":{"line":13,"column":64}}},"fnMap":{"0":{"name":"getSttAvailability","decl":{"start":{"line":12,"column":16},"end":{"line":12,"column":34}},"loc":{"start":{"line":12,"column":54},"end":{"line":14,"column":1}},"line":12}},"branchMap":{},"s":{"0":0},"f":{"0":0},"b":{}}
,"/home/opc/AuditIA/features/analysis/analysis.service.ts": {"path":"/home/opc/AuditIA/features/analysis/analysis.service.ts","statementMap":{"0":{"start":{"line":24,"column":2},"end":{"line":24,"column":55}},"1":{"start":{"line":27,"column":85},"end":{"line":32,"column":1}},"2":{"start":{"line":44,"column":16},"end":{"line":47,"column":3}},"3":{"start":{"line":48,"column":23},"end":{"line":48,"column":67}},"4":{"start":{"line":48,"column":56},"end":{"line":48,"column":65}},"5":{"start":{"line":49,"column":22},"end":{"line":49,"column":24}},"6":{"start":{"line":50,"column":2},"end":{"line":61,"column":3}},"7":{"start":{"line":51,"column":19},"end":{"line":51,"column":52}},"8":{"start":{"line":52,"column":21},"end":{"line":52,"column":55}},"9":{"start":{"line":53,"column":4},"end":{"line":53,"column":39}},"10":{"start":{"line":53,"column":30},"end":{"line":53,"column":39}},"11":{"start":{"line":54,"column":4},"end":{"line":60,"column":7}},"12":{"start":{"line":62,"column":2},"end":{"line":62,"column":14}},"13":{"start":{"line":76,"column":14},"end":{"line":76,"column":24}},"14":{"start":{"line":77,"column":30},"end":{"line":87,"column":3}},"15":{"start":{"line":88,"column":2},"end":{"line":92,"column":4}},"16":{"start":{"line":93,"column":2},"end":{"line":93,"column":13}},"17":{"start":{"line":98,"column":2},"end":{"line":100,"column":5}},"18":{"start":{"line":105,"column":2},"end":{"line":108,"column":5}},"19":{"start":{"line":118,"column":2},"end":{"line":121,"column":4}},"20":{"start":{"line":126,"column":2},"end":{"line":126,"column":77}},"21":{"start":{"line":131,"column":2},"end":{"line":131,"column":66}},"22":{"start":{"line":140,"column":17},"end":{"line":144,"column":3}},"23":{"start":{"line":145,"column":16},"end":{"line":145,"column":34}},"24":{"start":{"line":146,"column":18},"end":{"line":146,"column":38}},"25":{"start":{"line":147,"column":2},"end":{"line":147,"column":80}}},"fnMap":{"0":{"name":"getFinalCoverage","decl":{"start":{"line":19,"column":22},"end":{"line":19,"column":38}},"loc":{"start":{"line":23,"column":28},"end":{"line":25,"column":1}},"line":23},"1":{"name":"listGaps","decl":{"start":{"line":39,"column":22},"end":{"line":39,"column":30}},"loc":{"start":{"line":43,"column":18},"end":{"line":63,"column":1}},"line":43},"2":{"name":"(anonymous_2)","decl":{"start":{"line":48,"column":49},"end":{"line":48,"column":50}},"loc":{"start":{"line":48,"column":56},"end":{"line":48,"column":65}},"line":48},"3":{"name":"addAssertion","decl":{"start":{"line":70,"column":22},"end":{"line":70,"column":34}},"loc":{"start":{"line":75,"column":27},"end":{"line":94,"column":1}},"line":75},"4":{"name":"listAssertions","decl":{"start":{"line":97,"column":22},"end":{"line":97,"column":36}},"loc":{"start":{"line":97,"column":97},"end":{"line":101,"column":1}},"line":97},"5":{"name":"validateAssertion","decl":{"start":{"line":104,"column":22},"end":{"line":104,"column":39}},"loc":{"start":{"line":104,"column":90},"end":{"line":109,"column":1}},"line":104},"6":{"name":"modifyAssertion","decl":{"start":{"line":117,"column":22},"end":{"line":117,"column":37}},"loc":{"start":{"line":117,"column":105},"end":{"line":122,"column":1}},"line":117},"7":{"name":"deleteAssertion","decl":{"start":{"line":125,"column":22},"end":{"line":125,"column":37}},"loc":{"start":{"line":125,"column":88},"end":{"line":127,"column":1}},"line":125},"8":{"name":"getEffectiveAssertionText","decl":{"start":{"line":130,"column":16},"end":{"line":130,"column":41}},"loc":{"start":{"line":130,"column":77},"end":{"line":132,"column":1}},"line":130},"9":{"name":"getExportGate","decl":{"start":{"line":139,"column":22},"end":{"line":139,"column":35}},"loc":{"start":{"line":139,"column":90},"end":{"line":148,"column":1}},"line":139}},"branchMap":{"0":{"loc":{"start":{"line":22,"column":2},"end":{"line":22,"column":62}},"type":"default-arg","locations":[{"start":{"line":22,"column":43},"end":{"line":22,"column":62}}],"line":22},"1":{"loc":{"start":{"line":42,"column":2},"end":{"line":42,"column":62}},"type":"default-arg","locations":[{"start":{"line":42,"column":43},"end":{"line":42,"column":62}}],"line":42},"2":{"loc":{"start":{"line":53,"column":4},"end":{"line":53,"column":39}},"type":"if","locations":[{"start":{"line":53,"column":4},"end":{"line":53,"column":39}},{"start":{},"end":{}}],"line":53},"3":{"loc":{"start":{"line":53,"column":8},"end":{"line":53,"column":28}},"type":"binary-expr","locations":[{"start":{"line":53,"column":8},"end":{"line":53,"column":15}},{"start":{"line":53,"column":19},"end":{"line":53,"column":28}}],"line":53},"4":{"loc":{"start":{"line":74,"column":2},"end":{"line":74,"column":41}},"type":"default-arg","locations":[{"start":{"line":74,"column":39},"end":{"line":74,"column":41}}],"line":74},"5":{"loc":{"start":{"line":82,"column":18},"end":{"line":82,"column":45}},"type":"cond-expr","locations":[{"start":{"line":82,"column":40},"end":{"line":82,"column":41}},{"start":{"line":82,"column":44},"end":{"line":82,"column":45}}],"line":82},"6":{"loc":{"start":{"line":131,"column":9},"end":{"line":131,"column":65}},"type":"binary-expr","locations":[{"start":{"line":131,"column":9},"end":{"line":131,"column":37}},{"start":{"line":131,"column":41},"end":{"line":131,"column":65}}],"line":131},"7":{"loc":{"start":{"line":145,"column":16},"end":{"line":145,"column":34}},"type":"binary-expr","locations":[{"start":{"line":145,"column":16},"end":{"line":145,"column":29}},{"start":{"line":145,"column":33},"end":{"line":145,"column":34}}],"line":145},"8":{"loc":{"start":{"line":146,"column":18},"end":{"line":146,"column":38}},"type":"binary-expr","locations":[{"start":{"line":146,"column":18},"end":{"line":146,"column":33}},{"start":{"line":146,"column":37},"end":{"line":146,"column":38}}],"line":146}},"s":{"0":9,"1":2,"2":9,"3":9,"4":396,"5":9,"6":9,"7":142,"8":142,"9":142,"10":0,"11":142,"12":9,"13":16,"14":16,"15":16,"16":16,"17":13,"18":11,"19":2,"20":1,"21":18,"22":12,"23":12,"24":12,"25":12},"f":{"0":9,"1":9,"2":396,"3":16,"4":13,"5":11,"6":2,"7":1,"8":18,"9":12},"b":{"0":[9],"1":[9],"2":[0,142],"3":[142,142],"4":[16],"5":[0,16],"6":[18,15],"7":[12,0],"8":[12,0]},"_coverageSchema":"1a1c01bbd47fc00a2c39e90264f33305004495a9","hash":"b904a905c8cbe217aeb180a319be3909bfedcced"}
,"/home/opc/AuditIA/features/briefing/briefing.service.ts": {"path":"/home/opc/AuditIA/features/briefing/briefing.service.ts","statementMap":{"0":{"start":{"line":42,"column":44},"end":{"line":42,"column":46}},"1":{"start":{"line":44,"column":2},"end":{"line":46,"column":3}},"2":{"start":{"line":45,"column":4},"end":{"line":45,"column":109}},"3":{"start":{"line":47,"column":2},"end":{"line":49,"column":3}},"4":{"start":{"line":47,"column":80},"end":{"line":47,"column":100}},"5":{"start":{"line":48,"column":4},"end":{"line":48,"column":116}},"6":{"start":{"line":50,"column":2},"end":{"line":52,"column":3}},"7":{"start":{"line":51,"column":4},"end":{"line":51,"column":118}},"8":{"start":{"line":53,"column":2},"end":{"line":55,"column":3}},"9":{"start":{"line":54,"column":4},"end":{"line":54,"column":110}},"10":{"start":{"line":56,"column":2},"end":{"line":58,"column":3}},"11":{"start":{"line":57,"column":4},"end":{"line":57,"column":119}},"12":{"start":{"line":59,"column":2},"end":{"line":61,"column":3}},"13":{"start":{"line":60,"column":4},"end":{"line":60,"column":107}},"14":{"start":{"line":62,"column":2},"end":{"line":62,"column":16}},"15":{"start":{"line":66,"column":2},"end":{"line":66,"column":78}},"16":{"start":{"line":70,"column":2},"end":{"line":70,"column":55}},"17":{"start":{"line":74,"column":2},"end":{"line":74,"column":117}},"18":{"start":{"line":74,"column":72},"end":{"line":74,"column":115}},"19":{"start":{"line":84,"column":27},"end":{"line":84,"column":29}},"20":{"start":{"line":85,"column":2},"end":{"line":87,"column":3}},"21":{"start":{"line":86,"column":4},"end":{"line":86,"column":91}},"22":{"start":{"line":89,"column":18},"end":{"line":89,"column":35}},"23":{"start":{"line":90,"column":17},"end":{"line":92,"column":3}},"24":{"start":{"line":91,"column":43},"end":{"line":91,"column":79}},"25":{"start":{"line":94,"column":2},"end":{"line":153,"column":5}},"26":{"start":{"line":95,"column":15},"end":{"line":95,"column":36}},"27":{"start":{"line":96,"column":4},"end":{"line":99,"column":5}},"28":{"start":{"line":97,"column":6},"end":{"line":97,"column":62}},"29":{"start":{"line":98,"column":6},"end":{"line":98,"column":13}},"30":{"start":{"line":100,"column":22},"end":{"line":100,"column":76}},"31":{"start":{"line":101,"column":4},"end":{"line":107,"column":5}},"32":{"start":{"line":102,"column":6},"end":{"line":102,"column":99}},"33":{"start":{"line":103,"column":11},"end":{"line":107,"column":5}},"34":{"start":{"line":104,"column":6},"end":{"line":104,"column":54}},"35":{"start":{"line":106,"column":6},"end":{"line":106,"column":26}},"36":{"start":{"line":108,"column":4},"end":{"line":112,"column":5}},"37":{"start":{"line":109,"column":6},"end":{"line":109,"column":64}},"38":{"start":{"line":110,"column":11},"end":{"line":112,"column":5}},"39":{"start":{"line":111,"column":6},"end":{"line":111,"column":94}},"40":{"start":{"line":113,"column":4},"end":{"line":115,"column":5}},"41":{"start":{"line":114,"column":6},"end":{"line":114,"column":59}},"42":{"start":{"line":116,"column":4},"end":{"line":118,"column":5}},"43":{"start":{"line":117,"column":6},"end":{"line":117,"column":67}},"44":{"start":{"line":119,"column":4},"end":{"line":123,"column":5}},"45":{"start":{"line":120,"column":6},"end":{"line":122,"column":7}},"46":{"start":{"line":120,"column":89},"end":{"line":120,"column":109}},"47":{"start":{"line":121,"column":8},"end":{"line":121,"column":96}},"48":{"start":{"line":124,"column":4},"end":{"line":136,"column":5}},"49":{"start":{"line":125,"column":6},"end":{"line":125,"column":71}},"50":{"start":{"line":127,"column":6},"end":{"line":129,"column":7}},"51":{"start":{"line":128,"column":8},"end":{"line":128,"column":104}},"52":{"start":{"line":130,"column":6},"end":{"line":132,"column":7}},"53":{"start":{"line":131,"column":8},"end":{"line":131,"column":108}},"54":{"start":{"line":133,"column":6},"end":{"line":135,"column":7}},"55":{"start":{"line":134,"column":8},"end":{"line":134,"column":108}},"56":{"start":{"line":137,"column":4},"end":{"line":139,"column":5}},"57":{"start":{"line":138,"column":6},"end":{"line":138,"column":90}},"58":{"start":{"line":140,"column":4},"end":{"line":152,"column":5}},"59":{"start":{"line":141,"column":6},"end":{"line":151,"column":7}},"60":{"start":{"line":142,"column":8},"end":{"line":142,"column":64}},"61":{"start":{"line":144,"column":8},"end":{"line":150,"column":11}},"62":{"start":{"line":145,"column":10},"end":{"line":149,"column":11}},"63":{"start":{"line":146,"column":12},"end":{"line":146,"column":107}},"64":{"start":{"line":147,"column":17},"end":{"line":149,"column":11}},"65":{"start":{"line":148,"column":12},"end":{"line":148,"column":125}},"66":{"start":{"line":155,"column":2},"end":{"line":155,"column":48}},"67":{"start":{"line":164,"column":14},"end":{"line":169,"column":3}},"68":{"start":{"line":170,"column":17},"end":{"line":170,"column":43}},"69":{"start":{"line":171,"column":2},"end":{"line":173,"column":3}},"70":{"start":{"line":172,"column":4},"end":{"line":172,"column":84}},"71":{"start":{"line":174,"column":2},"end":{"line":174,"column":40}},"72":{"start":{"line":186,"column":2},"end":{"line":192,"column":4}},"73":{"start":{"line":210,"column":29},"end":{"line":216,"column":3}},"74":{"start":{"line":217,"column":15},"end":{"line":217,"column":59}},"75":{"start":{"line":217,"column":48},"end":{"line":217,"column":57}},"76":{"start":{"line":218,"column":19},"end":{"line":218,"column":102}},"77":{"start":{"line":218,"column":56},"end":{"line":218,"column":100}},"78":{"start":{"line":218,"column":86},"end":{"line":218,"column":99}},"79":{"start":{"line":220,"column":34},"end":{"line":220,"column":36}},"80":{"start":{"line":221,"column":18},"end":{"line":221,"column":35}},"81":{"start":{"line":223,"column":27},"end":{"line":233,"column":3}},"82":{"start":{"line":224,"column":4},"end":{"line":224,"column":65}},"83":{"start":{"line":224,"column":58},"end":{"line":224,"column":65}},"84":{"start":{"line":225,"column":4},"end":{"line":225,"column":22}},"85":{"start":{"line":226,"column":4},"end":{"line":226,"column":55}},"86":{"start":{"line":227,"column":4},"end":{"line":232,"column":5}},"87":{"start":{"line":228,"column":28},"end":{"line":228,"column":55}},"88":{"start":{"line":229,"column":6},"end":{"line":231,"column":7}},"89":{"start":{"line":230,"column":8},"end":{"line":230,"column":91}},"90":{"start":{"line":235,"column":2},"end":{"line":241,"column":3}},"91":{"start":{"line":236,"column":4},"end":{"line":236,"column":51}},"92":{"start":{"line":236,"column":42},"end":{"line":236,"column":51}},"93":{"start":{"line":237,"column":4},"end":{"line":240,"column":5}},"94":{"start":{"line":238,"column":6},"end":{"line":238,"column":62}},"95":{"start":{"line":238,"column":53},"end":{"line":238,"column":62}},"96":{"start":{"line":239,"column":6},"end":{"line":239,"column":26}},"97":{"start":{"line":242,"column":2},"end":{"line":242,"column":32}},"98":{"start":{"line":255,"column":27},"end":{"line":255,"column":60}},"99":{"start":{"line":256,"column":2},"end":{"line":258,"column":3}},"100":{"start":{"line":257,"column":4},"end":{"line":257,"column":113}},"101":{"start":{"line":257,"column":72},"end":{"line":257,"column":98}},"102":{"start":{"line":259,"column":14},"end":{"line":259,"column":24}},"103":{"start":{"line":260,"column":32},"end":{"line":270,"column":3}},"104":{"start":{"line":271,"column":15},"end":{"line":271,"column":55}},"105":{"start":{"line":273,"column":2},"end":{"line":297,"column":5}},"106":{"start":{"line":274,"column":4},"end":{"line":289,"column":6}},"107":{"start":{"line":290,"column":4},"end":{"line":296,"column":5}},"108":{"start":{"line":291,"column":6},"end":{"line":295,"column":8}},"109":{"start":{"line":299,"column":2},"end":{"line":299,"column":26}}},"fnMap":{"0":{"name":"validateSessionConfigInput","decl":{"start":{"line":41,"column":16},"end":{"line":41,"column":42}},"loc":{"start":{"line":41,"column":97},"end":{"line":63,"column":1}},"line":41},"1":{"name":"(anonymous_1)","decl":{"start":{"line":47,"column":73},"end":{"line":47,"column":74}},"loc":{"start":{"line":47,"column":80},"end":{"line":47,"column":100}},"line":47},"2":{"name":"isPlainObject","decl":{"start":{"line":65,"column":9},"end":{"line":65,"column":22}},"loc":{"start":{"line":65,"column":73},"end":{"line":67,"column":1}},"line":65},"3":{"name":"isNonEmptyString","decl":{"start":{"line":69,"column":9},"end":{"line":69,"column":25}},"loc":{"start":{"line":69,"column":59},"end":{"line":71,"column":1}},"line":69},"4":{"name":"isEnumArray","decl":{"start":{"line":73,"column":9},"end":{"line":73,"column":20}},"loc":{"start":{"line":73,"column":101},"end":{"line":75,"column":1}},"line":73},"5":{"name":"(anonymous_5)","decl":{"start":{"line":74,"column":65},"end":{"line":74,"column":66}},"loc":{"start":{"line":74,"column":72},"end":{"line":74,"column":115}},"line":74},"6":{"name":"validateKnowledgeBase","decl":{"start":{"line":83,"column":16},"end":{"line":83,"column":37}},"loc":{"start":{"line":83,"column":84},"end":{"line":156,"column":1}},"line":83},"7":{"name":"(anonymous_7)","decl":{"start":{"line":91,"column":35},"end":{"line":91,"column":36}},"loc":{"start":{"line":91,"column":43},"end":{"line":91,"column":79}},"line":91},"8":{"name":"(anonymous_8)","decl":{"start":{"line":94,"column":15},"end":{"line":94,"column":16}},"loc":{"start":{"line":94,"column":31},"end":{"line":153,"column":3}},"line":94},"9":{"name":"(anonymous_9)","decl":{"start":{"line":120,"column":82},"end":{"line":120,"column":83}},"loc":{"start":{"line":120,"column":89},"end":{"line":120,"column":109}},"line":120},"10":{"name":"(anonymous_10)","decl":{"start":{"line":144,"column":29},"end":{"line":144,"column":30}},"loc":{"start":{"line":144,"column":52},"end":{"line":150,"column":9}},"line":144},"11":{"name":"loadKnowledgeBase","decl":{"start":{"line":163,"column":16},"end":{"line":163,"column":33}},"loc":{"start":{"line":163,"column":61},"end":{"line":175,"column":1}},"line":163},"12":{"name":"questionMatches","decl":{"start":{"line":185,"column":9},"end":{"line":185,"column":24}},"loc":{"start":{"line":185,"column":80},"end":{"line":193,"column":1}},"line":185},"13":{"name":"buildQuestionTree","decl":{"start":{"line":209,"column":16},"end":{"line":209,"column":33}},"loc":{"start":{"line":209,"column":111},"end":{"line":243,"column":1}},"line":209},"14":{"name":"(anonymous_14)","decl":{"start":{"line":217,"column":41},"end":{"line":217,"column":42}},"loc":{"start":{"line":217,"column":48},"end":{"line":217,"column":57}},"line":217},"15":{"name":"(anonymous_15)","decl":{"start":{"line":218,"column":49},"end":{"line":218,"column":50}},"loc":{"start":{"line":218,"column":56},"end":{"line":218,"column":100}},"line":218},"16":{"name":"(anonymous_16)","decl":{"start":{"line":218,"column":79},"end":{"line":218,"column":80}},"loc":{"start":{"line":218,"column":86},"end":{"line":218,"column":99}},"line":218},"17":{"name":"(anonymous_17)","decl":{"start":{"line":223,"column":27},"end":{"line":223,"column":28}},"loc":{"start":{"line":223,"column":96},"end":{"line":233,"column":3}},"line":223},"18":{"name":"createSession","decl":{"start":{"line":250,"column":22},"end":{"line":250,"column":35}},"loc":{"start":{"line":254,"column":58},"end":{"line":300,"column":1}},"line":254},"19":{"name":"(anonymous_19)","decl":{"start":{"line":257,"column":65},"end":{"line":257,"column":66}},"loc":{"start":{"line":257,"column":72},"end":{"line":257,"column":98}},"line":257},"20":{"name":"(anonymous_20)","decl":{"start":{"line":273,"column":32},"end":{"line":273,"column":33}},"loc":{"start":{"line":273,"column":44},"end":{"line":297,"column":3}},"line":273}},"branchMap":{"0":{"loc":{"start":{"line":44,"column":2},"end":{"line":46,"column":3}},"type":"if","locations":[{"start":{"line":44,"column":2},"end":{"line":46,"column":3}},{"start":{},"end":{}}],"line":44},"1":{"loc":{"start":{"line":44,"column":6},"end":{"line":44,"column":72}},"type":"binary-expr","locations":[{"start":{"line":44,"column":6},"end":{"line":44,"column":25}},{"start":{"line":44,"column":29},"end":{"line":44,"column":72}}],"line":44},"2":{"loc":{"start":{"line":47,"column":2},"end":{"line":49,"column":3}},"type":"if","locations":[{"start":{"line":47,"column":2},"end":{"line":49,"column":3}},{"start":{},"end":{}}],"line":47},"3":{"loc":{"start":{"line":47,"column":6},"end":{"line":47,"column":101}},"type":"binary-expr","locations":[{"start":{"line":47,"column":6},"end":{"line":47,"column":20}},{"start":{"line":47,"column":24},"end":{"line":47,"column":50}},{"start":{"line":47,"column":54},"end":{"line":47,"column":101}}],"line":47},"4":{"loc":{"start":{"line":50,"column":2},"end":{"line":52,"column":3}},"type":"if","locations":[{"start":{"line":50,"column":2},"end":{"line":52,"column":3}},{"start":{},"end":{}}],"line":50},"5":{"loc":{"start":{"line":50,"column":6},"end":{"line":50,"column":59}},"type":"binary-expr","locations":[{"start":{"line":50,"column":6},"end":{"line":50,"column":21}},{"start":{"line":50,"column":25},"end":{"line":50,"column":59}}],"line":50},"6":{"loc":{"start":{"line":53,"column":2},"end":{"line":55,"column":3}},"type":"if","locations":[{"start":{"line":53,"column":2},"end":{"line":55,"column":3}},{"start":{},"end":{}}],"line":53},"7":{"loc":{"start":{"line":53,"column":6},"end":{"line":53,"column":60}},"type":"binary-expr","locations":[{"start":{"line":53,"column":6},"end":{"line":53,"column":21}},{"start":{"line":53,"column":25},"end":{"line":53,"column":60}}],"line":53},"8":{"loc":{"start":{"line":56,"column":2},"end":{"line":58,"column":3}},"type":"if","locations":[{"start":{"line":56,"column":2},"end":{"line":58,"column":3}},{"start":{},"end":{}}],"line":56},"9":{"loc":{"start":{"line":56,"column":6},"end":{"line":56,"column":72}},"type":"binary-expr","locations":[{"start":{"line":56,"column":6},"end":{"line":56,"column":25}},{"start":{"line":56,"column":29},"end":{"line":56,"column":72}}],"line":56},"10":{"loc":{"start":{"line":59,"column":2},"end":{"line":61,"column":3}},"type":"if","locations":[{"start":{"line":59,"column":2},"end":{"line":61,"column":3}},{"start":{},"end":{}}],"line":59},"11":{"loc":{"start":{"line":59,"column":6},"end":{"line":59,"column":68}},"type":"binary-expr","locations":[{"start":{"line":59,"column":6},"end":{"line":59,"column":25}},{"start":{"line":59,"column":29},"end":{"line":59,"column":68}}],"line":59},"12":{"loc":{"start":{"line":66,"column":9},"end":{"line":66,"column":77}},"type":"binary-expr","locations":[{"start":{"line":66,"column":9},"end":{"line":66,"column":34}},{"start":{"line":66,"column":38},"end":{"line":66,"column":52}},{"start":{"line":66,"column":56},"end":{"line":66,"column":77}}],"line":66},"13":{"loc":{"start":{"line":70,"column":9},"end":{"line":70,"column":54}},"type":"binary-expr","locations":[{"start":{"line":70,"column":9},"end":{"line":70,"column":34}},{"start":{"line":70,"column":38},"end":{"line":70,"column":54}}],"line":70},"14":{"loc":{"start":{"line":74,"column":9},"end":{"line":74,"column":116}},"type":"binary-expr","locations":[{"start":{"line":74,"column":9},"end":{"line":74,"column":29}},{"start":{"line":74,"column":33},"end":{"line":74,"column":49}},{"start":{"line":74,"column":53},"end":{"line":74,"column":116}}],"line":74},"15":{"loc":{"start":{"line":85,"column":2},"end":{"line":87,"column":3}},"type":"if","locations":[{"start":{"line":85,"column":2},"end":{"line":87,"column":3}},{"start":{},"end":{}}],"line":85},"16":{"loc":{"start":{"line":91,"column":43},"end":{"line":91,"column":79}},"type":"cond-expr","locations":[{"start":{"line":91,"column":70},"end":{"line":91,"column":74}},{"start":{"line":91,"column":77},"end":{"line":91,"column":79}}],"line":91},"17":{"loc":{"start":{"line":96,"column":4},"end":{"line":99,"column":5}},"type":"if","locations":[{"start":{"line":96,"column":4},"end":{"line":99,"column":5}},{"start":{},"end":{}}],"line":96},"18":{"loc":{"start":{"line":101,"column":4},"end":{"line":107,"column":5}},"type":"if","locations":[{"start":{"line":101,"column":4},"end":{"line":107,"column":5}},{"start":{"line":103,"column":11},"end":{"line":107,"column":5}}],"line":101},"19":{"loc":{"start":{"line":101,"column":8},"end":{"line":101,"column":60}},"type":"binary-expr","locations":[{"start":{"line":101,"column":8},"end":{"line":101,"column":33}},{"start":{"line":101,"column":37},"end":{"line":101,"column":60}}],"line":101},"20":{"loc":{"start":{"line":103,"column":11},"end":{"line":107,"column":5}},"type":"if","locations":[{"start":{"line":103,"column":11},"end":{"line":107,"column":5}},{"start":{"line":105,"column":11},"end":{"line":107,"column":5}}],"line":103},"21":{"loc":{"start":{"line":108,"column":4},"end":{"line":112,"column":5}},"type":"if","locations":[{"start":{"line":108,"column":4},"end":{"line":112,"column":5}},{"start":{"line":110,"column":11},"end":{"line":112,"column":5}}],"line":108},"22":{"loc":{"start":{"line":108,"column":8},"end":{"line":108,"column":80}},"type":"binary-expr","locations":[{"start":{"line":108,"column":8},"end":{"line":108,"column":37}},{"start":{"line":108,"column":41},"end":{"line":108,"column":80}}],"line":108},"23":{"loc":{"start":{"line":110,"column":11},"end":{"line":112,"column":5}},"type":"if","locations":[{"start":{"line":110,"column":11},"end":{"line":112,"column":5}},{"start":{},"end":{}}],"line":110},"24":{"loc":{"start":{"line":110,"column":15},"end":{"line":110,"column":79}},"type":"binary-expr","locations":[{"start":{"line":110,"column":15},"end":{"line":110,"column":39}},{"start":{"line":110,"column":43},"end":{"line":110,"column":79}}],"line":110},"25":{"loc":{"start":{"line":113,"column":4},"end":{"line":115,"column":5}},"type":"if","locations":[{"start":{"line":113,"column":4},"end":{"line":115,"column":5}},{"start":{},"end":{}}],"line":113},"26":{"loc":{"start":{"line":116,"column":4},"end":{"line":118,"column":5}},"type":"if","locations":[{"start":{"line":116,"column":4},"end":{"line":118,"column":5}},{"start":{},"end":{}}],"line":116},"27":{"loc":{"start":{"line":119,"column":4},"end":{"line":123,"column":5}},"type":"if","locations":[{"start":{"line":119,"column":4},"end":{"line":123,"column":5}},{"start":{},"end":{}}],"line":119},"28":{"loc":{"start":{"line":120,"column":6},"end":{"line":122,"column":7}},"type":"if","locations":[{"start":{"line":120,"column":6},"end":{"line":122,"column":7}},{"start":{},"end":{}}],"line":120},"29":{"loc":{"start":{"line":120,"column":10},"end":{"line":120,"column":110}},"type":"binary-expr","locations":[{"start":{"line":120,"column":10},"end":{"line":120,"column":49}},{"start":{"line":120,"column":53},"end":{"line":120,"column":110}}],"line":120},"30":{"loc":{"start":{"line":124,"column":4},"end":{"line":136,"column":5}},"type":"if","locations":[{"start":{"line":124,"column":4},"end":{"line":136,"column":5}},{"start":{"line":126,"column":11},"end":{"line":136,"column":5}}],"line":124},"31":{"loc":{"start":{"line":127,"column":6},"end":{"line":129,"column":7}},"type":"if","locations":[{"start":{"line":127,"column":6},"end":{"line":129,"column":7}},{"start":{},"end":{}}],"line":127},"32":{"loc":{"start":{"line":130,"column":6},"end":{"line":132,"column":7}},"type":"if","locations":[{"start":{"line":130,"column":6},"end":{"line":132,"column":7}},{"start":{},"end":{}}],"line":130},"33":{"loc":{"start":{"line":133,"column":6},"end":{"line":135,"column":7}},"type":"if","locations":[{"start":{"line":133,"column":6},"end":{"line":135,"column":7}},{"start":{},"end":{}}],"line":133},"34":{"loc":{"start":{"line":137,"column":4},"end":{"line":139,"column":5}},"type":"if","locations":[{"start":{"line":137,"column":4},"end":{"line":139,"column":5}},{"start":{},"end":{}}],"line":137},"35":{"loc":{"start":{"line":140,"column":4},"end":{"line":152,"column":5}},"type":"if","locations":[{"start":{"line":140,"column":4},"end":{"line":152,"column":5}},{"start":{},"end":{}}],"line":140},"36":{"loc":{"start":{"line":141,"column":6},"end":{"line":151,"column":7}},"type":"if","locations":[{"start":{"line":141,"column":6},"end":{"line":151,"column":7}},{"start":{"line":143,"column":13},"end":{"line":151,"column":7}}],"line":141},"37":{"loc":{"start":{"line":145,"column":10},"end":{"line":149,"column":11}},"type":"if","locations":[{"start":{"line":145,"column":10},"end":{"line":149,"column":11}},{"start":{"line":147,"column":17},"end":{"line":149,"column":11}}],"line":145},"38":{"loc":{"start":{"line":145,"column":14},"end":{"line":145,"column":113}},"type":"binary-expr","locations":[{"start":{"line":145,"column":14},"end":{"line":145,"column":35}},{"start":{"line":145,"column":39},"end":{"line":145,"column":73}},{"start":{"line":145,"column":77},"end":{"line":145,"column":113}}],"line":145},"39":{"loc":{"start":{"line":147,"column":17},"end":{"line":149,"column":11}},"type":"if","locations":[{"start":{"line":147,"column":17},"end":{"line":149,"column":11}},{"start":{},"end":{}}],"line":147},"40":{"loc":{"start":{"line":171,"column":2},"end":{"line":173,"column":3}},"type":"if","locations":[{"start":{"line":171,"column":2},"end":{"line":173,"column":3}},{"start":{},"end":{}}],"line":171},"41":{"loc":{"start":{"line":187,"column":4},"end":{"line":191,"column":48}},"type":"binary-expr","locations":[{"start":{"line":187,"column":4},"end":{"line":187,"column":37}},{"start":{"line":188,"column":4},"end":{"line":188,"column":55}},{"start":{"line":189,"column":4},"end":{"line":189,"column":63}},{"start":{"line":190,"column":4},"end":{"line":190,"column":63}},{"start":{"line":191,"column":4},"end":{"line":191,"column":48}}],"line":187},"42":{"loc":{"start":{"line":218,"column":57},"end":{"line":218,"column":73}},"type":"binary-expr","locations":[{"start":{"line":218,"column":57},"end":{"line":218,"column":67}},{"start":{"line":218,"column":71},"end":{"line":218,"column":73}}],"line":218},"43":{"loc":{"start":{"line":224,"column":4},"end":{"line":224,"column":65}},"type":"if","locations":[{"start":{"line":224,"column":4},"end":{"line":224,"column":65}},{"start":{},"end":{}}],"line":224},"44":{"loc":{"start":{"line":224,"column":8},"end":{"line":224,"column":56}},"type":"binary-expr","locations":[{"start":{"line":224,"column":8},"end":{"line":224,"column":25}},{"start":{"line":224,"column":29},"end":{"line":224,"column":56}}],"line":224},"45":{"loc":{"start":{"line":226,"column":17},"end":{"line":226,"column":53}},"type":"cond-expr","locations":[{"start":{"line":226,"column":26},"end":{"line":226,"column":42}},{"start":{"line":226,"column":45},"end":{"line":226,"column":53}}],"line":226},"46":{"loc":{"start":{"line":227,"column":24},"end":{"line":227,"column":40}},"type":"binary-expr","locations":[{"start":{"line":227,"column":24},"end":{"line":227,"column":34}},{"start":{"line":227,"column":38},"end":{"line":227,"column":40}}],"line":227},"47":{"loc":{"start":{"line":229,"column":6},"end":{"line":231,"column":7}},"type":"if","locations":[{"start":{"line":229,"column":6},"end":{"line":231,"column":7}},{"start":{},"end":{}}],"line":229},"48":{"loc":{"start":{"line":236,"column":4},"end":{"line":236,"column":51}},"type":"if","locations":[{"start":{"line":236,"column":4},"end":{"line":236,"column":51}},{"start":{},"end":{}}],"line":236},"49":{"loc":{"start":{"line":238,"column":6},"end":{"line":238,"column":62}},"type":"if","locations":[{"start":{"line":238,"column":6},"end":{"line":238,"column":62}},{"start":{},"end":{}}],"line":238},"50":{"loc":{"start":{"line":238,"column":10},"end":{"line":238,"column":51}},"type":"binary-expr","locations":[{"start":{"line":238,"column":10},"end":{"line":238,"column":29}},{"start":{"line":238,"column":33},"end":{"line":238,"column":51}}],"line":238},"51":{"loc":{"start":{"line":253,"column":2},"end":{"line":253,"column":62}},"type":"default-arg","locations":[{"start":{"line":253,"column":43},"end":{"line":253,"column":62}}],"line":253},"52":{"loc":{"start":{"line":256,"column":2},"end":{"line":258,"column":3}},"type":"if","locations":[{"start":{"line":256,"column":2},"end":{"line":258,"column":3}},{"start":{},"end":{}}],"line":256}},"s":{"0":48,"1":48,"2":2,"3":48,"4":74,"5":2,"6":48,"7":3,"8":48,"9":1,"10":48,"11":1,"12":48,"13":2,"14":48,"15":9137,"16":21214,"17":11824,"18":51756,"19":77,"20":77,"21":3,"22":74,"23":74,"24":2956,"25":74,"26":2956,"27":2956,"28":0,"29":0,"30":2956,"31":2956,"32":1,"33":2955,"34":1,"35":2954,"36":2956,"37":0,"38":2956,"39":2,"40":2956,"41":0,"42":2956,"43":1,"44":2956,"45":2948,"46":5896,"47":0,"48":2956,"49":0,"50":2956,"51":0,"52":2956,"53":0,"54":2956,"55":0,"56":2956,"57":1,"58":2956,"59":269,"60":0,"61":269,"62":269,"63":0,"64":269,"65":1,"66":74,"67":67,"68":67,"69":67,"70":0,"71":67,"72":841,"73":45,"74":45,"75":1980,"76":45,"77":1980,"78":180,"79":45,"80":45,"81":45,"82":841,"83":236,"84":605,"85":605,"86":605,"87":68,"88":68,"89":68,"90":45,"91":180,"92":107,"93":73,"94":3212,"95":2439,"96":773,"97":45,"98":38,"99":38,"100":1,"101":1,"102":37,"103":37,"104":37,"105":37,"106":37,"107":37,"108":491,"109":37},"f":{"0":48,"1":74,"2":9137,"3":21214,"4":11824,"5":51756,"6":77,"7":2956,"8":2956,"9":5896,"10":269,"11":67,"12":841,"13":45,"14":1980,"15":1980,"16":180,"17":841,"18":38,"19":1,"20":37},"b":{"0":[2,46],"1":[48,47],"2":[2,46],"3":[48,47,46],"4":[3,45],"5":[48,46],"6":[1,47],"7":[48,47],"8":[1,47],"9":[48,47],"10":[2,46],"11":[48,47],"12":[9137,9137,9137],"13":[21214,21213],"14":[11824,11824,11824],"15":[3,74],"16":[2956,0],"17":[0,2956],"18":[1,2955],"19":[2956,2956],"20":[1,2954],"21":[0,2956],"22":[2956,2956],"23":[2,2954],"24":[2956,2956],"25":[0,2956],"26":[1,2955],"27":[2948,8],"28":[0,2948],"29":[2948,2948],"30":[0,2956],"31":[0,2956],"32":[0,2956],"33":[0,2956],"34":[1,2955],"35":[269,2687],"36":[0,269],"37":[0,269],"38":[269,269,269],"39":[1,268],"40":[0,67],"41":[841,841,825,702,702],"42":[1980,1800],"43":[236,605],"44":[841,841],"45":[47,558],"46":[605,537],"47":[68,0],"48":[107,73],"49":[2439,773],"50":[3212,846],"51":[38],"52":[1,37]},"_coverageSchema":"1a1c01bbd47fc00a2c39e90264f33305004495a9","hash":"3423e0f48feb86b232136c89ede4cf0ab94ff9d2"}
,"/home/opc/AuditIA/features/export/export.service.ts": {"path":"/home/opc/AuditIA/features/export/export.service.ts","statementMap":{"0":{"start":{"line":30,"column":25},"end":{"line":30,"column":33}},"1":{"start":{"line":32,"column":53},"end":{"line":36,"column":1}},"2":{"start":{"line":38,"column":67},"end":{"line":43,"column":1}},"3":{"start":{"line":56,"column":15},"end":{"line":56,"column":49}},"4":{"start":{"line":57,"column":2},"end":{"line":61,"column":3}},"5":{"start":{"line":58,"column":4},"end":{"line":60,"column":6}},"6":{"start":{"line":62,"column":18},"end":{"line":62,"column":104}},"7":{"start":{"line":63,"column":2},"end":{"line":65,"column":3}},"8":{"start":{"line":64,"column":4},"end":{"line":64,"column":58}},"9":{"start":{"line":66,"column":18},"end":{"line":66,"column":57}},"10":{"start":{"line":67,"column":19},"end":{"line":67,"column":56}},"11":{"start":{"line":68,"column":21},"end":{"line":68,"column":56}},"12":{"start":{"line":69,"column":15},"end":{"line":69,"column":44}},"13":{"start":{"line":71,"column":61},"end":{"line":71,"column":63}},"14":{"start":{"line":72,"column":2},"end":{"line":75,"column":3}},"15":{"start":{"line":73,"column":4},"end":{"line":73,"column":52}},"16":{"start":{"line":73,"column":43},"end":{"line":73,"column":52}},"17":{"start":{"line":74,"column":4},"end":{"line":74,"column":66}},"18":{"start":{"line":76,"column":49},"end":{"line":76,"column":51}},"19":{"start":{"line":77,"column":2},"end":{"line":79,"column":3}},"20":{"start":{"line":78,"column":4},"end":{"line":78,"column":48}},"21":{"start":{"line":81,"column":2},"end":{"line":90,"column":4}},"22":{"start":{"line":100,"column":37},"end":{"line":100,"column":84}},"23":{"start":{"line":100,"column":59},"end":{"line":100,"column":83}},"24":{"start":{"line":101,"column":2},"end":{"line":103,"column":3}},"25":{"start":{"line":102,"column":4},"end":{"line":102,"column":28}},"26":{"start":{"line":104,"column":2},"end":{"line":104,"column":17}},"27":{"start":{"line":108,"column":2},"end":{"line":110,"column":3}},"28":{"start":{"line":109,"column":4},"end":{"line":109,"column":57}},"29":{"start":{"line":111,"column":2},"end":{"line":111,"column":79}},"30":{"start":{"line":111,"column":31},"end":{"line":111,"column":66}},"31":{"start":{"line":115,"column":2},"end":{"line":117,"column":3}},"32":{"start":{"line":116,"column":4},"end":{"line":116,"column":36}},"33":{"start":{"line":118,"column":2},"end":{"line":118,"column":106}},"34":{"start":{"line":118,"column":25},"end":{"line":118,"column":93}},"35":{"start":{"line":123,"column":23},"end":{"line":130,"column":15}},"36":{"start":{"line":123,"column":45},"end":{"line":123,"column":69}},"37":{"start":{"line":125,"column":20},"end":{"line":125,"column":51}},"38":{"start":{"line":126,"column":22},"end":{"line":126,"column":48}},"39":{"start":{"line":127,"column":20},"end":{"line":127,"column":44}},"40":{"start":{"line":128,"column":6},"end":{"line":128,"column":104}},"41":{"start":{"line":132,"column":25},"end":{"line":140,"column":15}},"42":{"start":{"line":135,"column":8},"end":{"line":137,"column":81}},"43":{"start":{"line":138,"column":6},"end":{"line":138,"column":112}},"44":{"start":{"line":143,"column":4},"end":{"line":143,"column":115}},"45":{"start":{"line":143,"column":60},"end":{"line":143,"column":68}},"46":{"start":{"line":145,"column":22},"end":{"line":145,"column":74}},"47":{"start":{"line":145,"column":46},"end":{"line":145,"column":62}},"48":{"start":{"line":147,"column":2},"end":{"line":177,"column":2}},"49":{"start":{"line":182,"column":2},"end":{"line":182,"column":56}},"50":{"start":{"line":190,"column":16},"end":{"line":190,"column":80}},"51":{"start":{"line":191,"column":2},"end":{"line":191,"column":27}},"52":{"start":{"line":191,"column":14},"end":{"line":191,"column":27}},"53":{"start":{"line":192,"column":19},"end":{"line":192,"column":27}},"54":{"start":{"line":193,"column":20},"end":{"line":193,"column":71}},"55":{"start":{"line":194,"column":2},"end":{"line":194,"column":48}},"56":{"start":{"line":199,"column":18},"end":{"line":200,"column":68}},"57":{"start":{"line":200,"column":4},"end":{"line":200,"column":68}},"58":{"start":{"line":201,"column":17},"end":{"line":201,"column":105}},"59":{"start":{"line":201,"column":35},"end":{"line":201,"column":105}},"60":{"start":{"line":202,"column":15},"end":{"line":203,"column":125}},"61":{"start":{"line":203,"column":4},"end":{"line":203,"column":125}},"62":{"start":{"line":204,"column":15},"end":{"line":204,"column":112}},"63":{"start":{"line":204,"column":33},"end":{"line":204,"column":112}},"64":{"start":{"line":206,"column":24},"end":{"line":219,"column":4}},"65":{"start":{"line":210,"column":31},"end":{"line":210,"column":55}},"66":{"start":{"line":211,"column":22},"end":{"line":211,"column":53}},"67":{"start":{"line":212,"column":24},"end":{"line":212,"column":50}},"68":{"start":{"line":213,"column":22},"end":{"line":213,"column":46}},"69":{"start":{"line":214,"column":8},"end":{"line":216,"column":11}},"70":{"start":{"line":221,"column":23},"end":{"line":239,"column":4}},"71":{"start":{"line":222,"column":23},"end":{"line":222,"column":62}},"72":{"start":{"line":223,"column":42},"end":{"line":223,"column":98}},"73":{"start":{"line":224,"column":4},"end":{"line":228,"column":5}},"74":{"start":{"line":225,"column":6},"end":{"line":225,"column":132}},"75":{"start":{"line":227,"column":6},"end":{"line":227,"column":82}},"76":{"start":{"line":227,"column":43},"end":{"line":227,"column":79}},"77":{"start":{"line":229,"column":4},"end":{"line":237,"column":5}},"78":{"start":{"line":230,"column":6},"end":{"line":230,"column":105}},"79":{"start":{"line":231,"column":19},"end":{"line":231,"column":52}},"80":{"start":{"line":232,"column":6},"end":{"line":236,"column":7}},"81":{"start":{"line":233,"column":8},"end":{"line":233,"column":113}},"82":{"start":{"line":235,"column":8},"end":{"line":235,"column":116}},"83":{"start":{"line":235,"column":39},"end":{"line":235,"column":113}},"84":{"start":{"line":238,"column":4},"end":{"line":238,"column":18}},"85":{"start":{"line":241,"column":19},"end":{"line":271,"column":4}},"86":{"start":{"line":252,"column":60},"end":{"line":252,"column":76}},"87":{"start":{"line":273,"column":2},"end":{"line":273,"column":41}},"88":{"start":{"line":277,"column":15},"end":{"line":277,"column":115}},"89":{"start":{"line":278,"column":15},"end":{"line":278,"column":55}},"90":{"start":{"line":279,"column":20},"end":{"line":279,"column":57}},"91":{"start":{"line":280,"column":2},"end":{"line":280,"column":56}},"92":{"start":{"line":297,"column":2},"end":{"line":299,"column":3}},"93":{"start":{"line":298,"column":4},"end":{"line":298,"column":67}},"94":{"start":{"line":300,"column":15},"end":{"line":300,"column":67}},"95":{"start":{"line":301,"column":15},"end":{"line":301,"column":48}},"96":{"start":{"line":302,"column":18},"end":{"line":302,"column":99}},"97":{"start":{"line":304,"column":2},"end":{"line":310,"column":5}},"98":{"start":{"line":305,"column":4},"end":{"line":309,"column":7}},"99":{"start":{"line":312,"column":2},"end":{"line":318,"column":4}}},"fnMap":{"0":{"name":"assembleCrData","decl":{"start":{"line":50,"column":22},"end":{"line":50,"column":36}},"loc":{"start":{"line":55,"column":19},"end":{"line":91,"column":1}},"line":55},"1":{"name":"detailDomains","decl":{"start":{"line":99,"column":9},"end":{"line":99,"column":22}},"loc":{"start":{"line":99,"column":56},"end":{"line":105,"column":1}},"line":99},"2":{"name":"(anonymous_2)","decl":{"start":{"line":100,"column":52},"end":{"line":100,"column":53}},"loc":{"start":{"line":100,"column":59},"end":{"line":100,"column":83}},"line":100},"3":{"name":"assertionLines","decl":{"start":{"line":107,"column":9},"end":{"line":107,"column":23}},"loc":{"start":{"line":107,"column":74},"end":{"line":112,"column":1}},"line":107},"4":{"name":"(anonymous_4)","decl":{"start":{"line":111,"column":24},"end":{"line":111,"column":25}},"loc":{"start":{"line":111,"column":31},"end":{"line":111,"column":66}},"line":111},"5":{"name":"gapLines","decl":{"start":{"line":114,"column":9},"end":{"line":114,"column":17}},"loc":{"start":{"line":114,"column":51},"end":{"line":119,"column":1}},"line":114},"6":{"name":"(anonymous_6)","decl":{"start":{"line":118,"column":18},"end":{"line":118,"column":19}},"loc":{"start":{"line":118,"column":25},"end":{"line":118,"column":93}},"line":118},"7":{"name":"renderMarkdown","decl":{"start":{"line":122,"column":16},"end":{"line":122,"column":30}},"loc":{"start":{"line":122,"column":86},"end":{"line":178,"column":1}},"line":122},"8":{"name":"(anonymous_8)","decl":{"start":{"line":123,"column":38},"end":{"line":123,"column":39}},"loc":{"start":{"line":123,"column":45},"end":{"line":123,"column":69}},"line":123},"9":{"name":"(anonymous_9)","decl":{"start":{"line":124,"column":9},"end":{"line":124,"column":10}},"loc":{"start":{"line":124,"column":21},"end":{"line":129,"column":5}},"line":124},"10":{"name":"(anonymous_10)","decl":{"start":{"line":133,"column":9},"end":{"line":133,"column":10}},"loc":{"start":{"line":133,"column":21},"end":{"line":139,"column":5}},"line":133},"11":{"name":"(anonymous_11)","decl":{"start":{"line":143,"column":53},"end":{"line":143,"column":54}},"loc":{"start":{"line":143,"column":60},"end":{"line":143,"column":68}},"line":143},"12":{"name":"(anonymous_12)","decl":{"start":{"line":145,"column":39},"end":{"line":145,"column":40}},"loc":{"start":{"line":145,"column":46},"end":{"line":145,"column":62}},"line":145},"13":{"name":"computeCrHash","decl":{"start":{"line":181,"column":22},"end":{"line":181,"column":35}},"loc":{"start":{"line":181,"column":89},"end":{"line":183,"column":1}},"line":181},"14":{"name":"verifyCrHash","decl":{"start":{"line":189,"column":22},"end":{"line":189,"column":34}},"loc":{"start":{"line":189,"column":100},"end":{"line":195,"column":1}},"line":189},"15":{"name":"renderDocx","decl":{"start":{"line":198,"column":22},"end":{"line":198,"column":32}},"loc":{"start":{"line":198,"column":78},"end":{"line":274,"column":1}},"line":198},"16":{"name":"(anonymous_16)","decl":{"start":{"line":199,"column":18},"end":{"line":199,"column":19}},"loc":{"start":{"line":200,"column":4},"end":{"line":200,"column":68}},"line":200},"17":{"name":"(anonymous_17)","decl":{"start":{"line":201,"column":17},"end":{"line":201,"column":18}},"loc":{"start":{"line":201,"column":35},"end":{"line":201,"column":105}},"line":201},"18":{"name":"(anonymous_18)","decl":{"start":{"line":202,"column":15},"end":{"line":202,"column":16}},"loc":{"start":{"line":203,"column":4},"end":{"line":203,"column":125}},"line":203},"19":{"name":"(anonymous_19)","decl":{"start":{"line":204,"column":15},"end":{"line":204,"column":16}},"loc":{"start":{"line":204,"column":33},"end":{"line":204,"column":112}},"line":204},"20":{"name":"(anonymous_20)","decl":{"start":{"line":210,"column":24},"end":{"line":210,"column":25}},"loc":{"start":{"line":210,"column":31},"end":{"line":210,"column":55}},"line":210},"21":{"name":"(anonymous_21)","decl":{"start":{"line":210,"column":61},"end":{"line":210,"column":62}},"loc":{"start":{"line":210,"column":73},"end":{"line":217,"column":7}},"line":210},"22":{"name":"(anonymous_22)","decl":{"start":{"line":221,"column":51},"end":{"line":221,"column":52}},"loc":{"start":{"line":221,"column":63},"end":{"line":239,"column":3}},"line":221},"23":{"name":"(anonymous_23)","decl":{"start":{"line":227,"column":36},"end":{"line":227,"column":37}},"loc":{"start":{"line":227,"column":43},"end":{"line":227,"column":79}},"line":227},"24":{"name":"(anonymous_24)","decl":{"start":{"line":235,"column":32},"end":{"line":235,"column":33}},"loc":{"start":{"line":235,"column":39},"end":{"line":235,"column":113}},"line":235},"25":{"name":"(anonymous_25)","decl":{"start":{"line":252,"column":53},"end":{"line":252,"column":54}},"loc":{"start":{"line":252,"column":60},"end":{"line":252,"column":76}},"line":252},"26":{"name":"exportFilename","decl":{"start":{"line":276,"column":9},"end":{"line":276,"column":23}},"loc":{"start":{"line":276,"column":88},"end":{"line":281,"column":1}},"line":276},"27":{"name":"exportSession","decl":{"start":{"line":289,"column":22},"end":{"line":289,"column":35}},"loc":{"start":{"line":296,"column":25},"end":{"line":319,"column":1}},"line":296},"28":{"name":"(anonymous_28)","decl":{"start":{"line":304,"column":32},"end":{"line":304,"column":33}},"loc":{"start":{"line":304,"column":44},"end":{"line":310,"column":3}},"line":304}},"branchMap":{"0":{"loc":{"start":{"line":54,"column":2},"end":{"line":54,"column":26}},"type":"default-arg","locations":[{"start":{"line":54,"column":16},"end":{"line":54,"column":26}}],"line":54},"1":{"loc":{"start":{"line":57,"column":2},"end":{"line":61,"column":3}},"type":"if","locations":[{"start":{"line":57,"column":2},"end":{"line":61,"column":3}},{"start":{},"end":{}}],"line":57},"2":{"loc":{"start":{"line":63,"column":2},"end":{"line":65,"column":3}},"type":"if","locations":[{"start":{"line":63,"column":2},"end":{"line":65,"column":3}},{"start":{},"end":{}}],"line":63},"3":{"loc":{"start":{"line":73,"column":4},"end":{"line":73,"column":52}},"type":"if","locations":[{"start":{"line":73,"column":4},"end":{"line":73,"column":52}},{"start":{},"end":{}}],"line":73},"4":{"loc":{"start":{"line":101,"column":2},"end":{"line":103,"column":3}},"type":"if","locations":[{"start":{"line":101,"column":2},"end":{"line":103,"column":3}},{"start":{},"end":{}}],"line":101},"5":{"loc":{"start":{"line":101,"column":7},"end":{"line":101,"column":46}},"type":"binary-expr","locations":[{"start":{"line":101,"column":7},"end":{"line":101,"column":40}},{"start":{"line":101,"column":44},"end":{"line":101,"column":46}}],"line":101},"6":{"loc":{"start":{"line":108,"column":2},"end":{"line":110,"column":3}},"type":"if","locations":[{"start":{"line":108,"column":2},"end":{"line":110,"column":3}},{"start":{},"end":{}}],"line":108},"7":{"loc":{"start":{"line":108,"column":6},"end":{"line":108,"column":44}},"type":"binary-expr","locations":[{"start":{"line":108,"column":6},"end":{"line":108,"column":17}},{"start":{"line":108,"column":21},"end":{"line":108,"column":44}}],"line":108},"8":{"loc":{"start":{"line":115,"column":2},"end":{"line":117,"column":3}},"type":"if","locations":[{"start":{"line":115,"column":2},"end":{"line":117,"column":3}},{"start":{},"end":{}}],"line":115},"9":{"loc":{"start":{"line":115,"column":6},"end":{"line":115,"column":32}},"type":"binary-expr","locations":[{"start":{"line":115,"column":6},"end":{"line":115,"column":11}},{"start":{"line":115,"column":15},"end":{"line":115,"column":32}}],"line":115},"10":{"loc":{"start":{"line":122,"column":45},"end":{"line":122,"column":76}},"type":"default-arg","locations":[{"start":{"line":122,"column":60},"end":{"line":122,"column":76}}],"line":122},"11":{"loc":{"start":{"line":126,"column":22},"end":{"line":126,"column":48}},"type":"binary-expr","locations":[{"start":{"line":126,"column":22},"end":{"line":126,"column":43}},{"start":{"line":126,"column":47},"end":{"line":126,"column":48}}],"line":126},"12":{"loc":{"start":{"line":127,"column":20},"end":{"line":127,"column":44}},"type":"binary-expr","locations":[{"start":{"line":127,"column":20},"end":{"line":127,"column":39}},{"start":{"line":127,"column":43},"end":{"line":127,"column":44}}],"line":127},"13":{"loc":{"start":{"line":128,"column":79},"end":{"line":128,"column":98}},"type":"binary-expr","locations":[{"start":{"line":128,"column":79},"end":{"line":128,"column":93}},{"start":{"line":128,"column":97},"end":{"line":128,"column":98}}],"line":128},"14":{"loc":{"start":{"line":135,"column":8},"end":{"line":137,"column":81}},"type":"cond-expr","locations":[{"start":{"line":136,"column":12},"end":{"line":136,"column":14}},{"start":{"line":137,"column":12},"end":{"line":137,"column":81}}],"line":135},"15":{"loc":{"start":{"line":143,"column":4},"end":{"line":143,"column":115}},"type":"cond-expr","locations":[{"start":{"line":143,"column":33},"end":{"line":143,"column":80}},{"start":{"line":143,"column":83},"end":{"line":143,"column":115}}],"line":143},"16":{"loc":{"start":{"line":191,"column":2},"end":{"line":191,"column":27}},"type":"if","locations":[{"start":{"line":191,"column":2},"end":{"line":191,"column":27}},{"start":{},"end":{}}],"line":191},"17":{"loc":{"start":{"line":212,"column":24},"end":{"line":212,"column":50}},"type":"binary-expr","locations":[{"start":{"line":212,"column":24},"end":{"line":212,"column":45}},{"start":{"line":212,"column":49},"end":{"line":212,"column":50}}],"line":212},"18":{"loc":{"start":{"line":213,"column":22},"end":{"line":213,"column":46}},"type":"binary-expr","locations":[{"start":{"line":213,"column":22},"end":{"line":213,"column":41}},{"start":{"line":213,"column":45},"end":{"line":213,"column":46}}],"line":213},"19":{"loc":{"start":{"line":215,"column":83},"end":{"line":215,"column":102}},"type":"binary-expr","locations":[{"start":{"line":215,"column":83},"end":{"line":215,"column":97}},{"start":{"line":215,"column":101},"end":{"line":215,"column":102}}],"line":215},"20":{"loc":{"start":{"line":222,"column":23},"end":{"line":222,"column":62}},"type":"binary-expr","locations":[{"start":{"line":222,"column":23},"end":{"line":222,"column":56}},{"start":{"line":222,"column":60},"end":{"line":222,"column":62}}],"line":222},"21":{"loc":{"start":{"line":224,"column":4},"end":{"line":228,"column":5}},"type":"if","locations":[{"start":{"line":224,"column":4},"end":{"line":228,"column":5}},{"start":{"line":226,"column":11},"end":{"line":228,"column":5}}],"line":224},"22":{"loc":{"start":{"line":229,"column":4},"end":{"line":237,"column":5}},"type":"if","locations":[{"start":{"line":229,"column":4},"end":{"line":237,"column":5}},{"start":{},"end":{}}],"line":229},"23":{"loc":{"start":{"line":231,"column":19},"end":{"line":231,"column":52}},"type":"binary-expr","locations":[{"start":{"line":231,"column":19},"end":{"line":231,"column":46}},{"start":{"line":231,"column":50},"end":{"line":231,"column":52}}],"line":231},"24":{"loc":{"start":{"line":232,"column":6},"end":{"line":236,"column":7}},"type":"if","locations":[{"start":{"line":232,"column":6},"end":{"line":236,"column":7}},{"start":{"line":234,"column":13},"end":{"line":236,"column":7}}],"line":232},"25":{"loc":{"start":{"line":259,"column":14},"end":{"line":261,"column":115}},"type":"cond-expr","locations":[{"start":{"line":260,"column":14},"end":{"line":260,"column":41}},{"start":{"line":261,"column":14},"end":{"line":261,"column":115}}],"line":259},"26":{"loc":{"start":{"line":279,"column":20},"end":{"line":279,"column":57}},"type":"cond-expr","locations":[{"start":{"line":279,"column":44},"end":{"line":279,"column":48}},{"start":{"line":279,"column":51},"end":{"line":279,"column":57}}],"line":279},"27":{"loc":{"start":{"line":280,"column":15},"end":{"line":280,"column":32}},"type":"binary-expr","locations":[{"start":{"line":280,"column":15},"end":{"line":280,"column":19}},{"start":{"line":280,"column":23},"end":{"line":280,"column":32}}],"line":280},"28":{"loc":{"start":{"line":295,"column":2},"end":{"line":295,"column":26}},"type":"default-arg","locations":[{"start":{"line":295,"column":16},"end":{"line":295,"column":26}}],"line":295},"29":{"loc":{"start":{"line":297,"column":2},"end":{"line":299,"column":3}},"type":"if","locations":[{"start":{"line":297,"column":2},"end":{"line":299,"column":3}},{"start":{},"end":{}}],"line":297},"30":{"loc":{"start":{"line":302,"column":18},"end":{"line":302,"column":99}},"type":"cond-expr","locations":[{"start":{"line":302,"column":42},"end":{"line":302,"column":68}},{"start":{"line":302,"column":71},"end":{"line":302,"column":99}}],"line":302},"31":{"loc":{"start":{"line":316,"column":14},"end":{"line":316,"column":55}},"type":"cond-expr","locations":[{"start":{"line":316,"column":38},"end":{"line":316,"column":44}},{"start":{"line":316,"column":47},"end":{"line":316,"column":55}}],"line":316}},"s":{"0":1,"1":1,"2":1,"3":9,"4":9,"5":1,"6":8,"7":8,"8":0,"9":8,"10":8,"11":8,"12":8,"13":8,"14":8,"15":8,"16":0,"17":8,"18":8,"19":8,"20":128,"21":8,"22":17,"23":68,"24":17,"25":2,"26":17,"27":34,"28":18,"29":16,"30":16,"31":32,"32":0,"33":32,"34":256,"35":16,"36":64,"37":32,"38":32,"39":32,"40":32,"41":16,"42":34,"43":34,"44":16,"45":0,"46":16,"47":32,"48":16,"49":9,"50":2,"51":2,"52":0,"53":2,"54":2,"55":2,"56":1,"57":7,"58":1,"59":17,"60":1,"61":7,"62":1,"63":12,"64":1,"65":4,"66":2,"67":2,"68":2,"69":2,"70":1,"71":2,"72":2,"73":2,"74":1,"75":1,"76":1,"77":2,"78":2,"79":2,"80":2,"81":0,"82":2,"83":16,"84":2,"85":1,"86":2,"87":1,"88":7,"89":7,"90":7,"91":7,"92":9,"93":1,"94":8,"95":7,"96":7,"97":7,"98":7,"99":7},"f":{"0":9,"1":17,"2":68,"3":34,"4":16,"5":32,"6":256,"7":16,"8":64,"9":32,"10":34,"11":0,"12":32,"13":9,"14":2,"15":1,"16":7,"17":17,"18":7,"19":12,"20":4,"21":2,"22":2,"23":1,"24":16,"25":2,"26":7,"27":9,"28":7},"b":{"0":[0],"1":[1,8],"2":[0,8],"3":[0,8],"4":[2,15],"5":[17,15],"6":[18,16],"7":[34,16],"8":[0,32],"9":[32,32],"10":[0],"11":[32,0],"12":[32,0],"13":[32,0],"14":[2,32],"15":[0,16],"16":[0,2],"17":[2,0],"18":[2,0],"19":[2,0],"20":[2,1],"21":[1,1],"22":[2,0],"23":[2,0],"24":[0,2],"25":[0,1],"26":[6,1],"27":[7,0],"28":[8],"29":[1,8],"30":[6,1],"31":[6,1]},"_coverageSchema":"1a1c01bbd47fc00a2c39e90264f33305004495a9","hash":"c62fc411284b157d62cb5cd77e70922bab11e96e"}
,"/home/opc/AuditIA/features/session/session.service.ts": {"path":"/home/opc/AuditIA/features/session/session.service.ts","statementMap":{"0":{"start":{"line":17,"column":36},"end":{"line":17,"column":42}},"1":{"start":{"line":20,"column":39},"end":{"line":20,"column":52}},"2":{"start":{"line":24,"column":2},"end":{"line":27,"column":5}},"3":{"start":{"line":32,"column":2},"end":{"line":32,"column":118}},"4":{"start":{"line":37,"column":2},"end":{"line":37,"column":90}},"5":{"start":{"line":42,"column":2},"end":{"line":42,"column":87}},"6":{"start":{"line":50,"column":2},"end":{"line":52,"column":4}},"7":{"start":{"line":57,"column":2},"end":{"line":59,"column":5}},"8":{"start":{"line":67,"column":2},"end":{"line":71,"column":5}},"9":{"start":{"line":76,"column":2},"end":{"line":80,"column":5}},"10":{"start":{"line":88,"column":14},"end":{"line":88,"column":24}},"11":{"start":{"line":89,"column":33},"end":{"line":99,"column":3}},"12":{"start":{"line":100,"column":2},"end":{"line":104,"column":4}},"13":{"start":{"line":105,"column":2},"end":{"line":105,"column":14}},"14":{"start":{"line":113,"column":14},"end":{"line":113,"column":24}},"15":{"start":{"line":114,"column":2},"end":{"line":123,"column":5}},"16":{"start":{"line":115,"column":4},"end":{"line":121,"column":5}},"17":{"start":{"line":116,"column":6},"end":{"line":120,"column":9}},"18":{"start":{"line":122,"column":4},"end":{"line":122,"column":91}},"19":{"start":{"line":136,"column":16},"end":{"line":139,"column":3}},"20":{"start":{"line":140,"column":23},"end":{"line":140,"column":67}},"21":{"start":{"line":140,"column":56},"end":{"line":140,"column":65}},"22":{"start":{"line":142,"column":24},"end":{"line":142,"column":54}},"23":{"start":{"line":143,"column":26},"end":{"line":143,"column":56}},"24":{"start":{"line":145,"column":2},"end":{"line":157,"column":3}},"25":{"start":{"line":146,"column":4},"end":{"line":146,"column":39}},"26":{"start":{"line":146,"column":30},"end":{"line":146,"column":39}},"27":{"start":{"line":147,"column":21},"end":{"line":147,"column":55}},"28":{"start":{"line":148,"column":4},"end":{"line":148,"column":28}},"29":{"start":{"line":148,"column":19},"end":{"line":148,"column":28}},"30":{"start":{"line":149,"column":4},"end":{"line":152,"column":5}},"31":{"start":{"line":150,"column":6},"end":{"line":150,"column":52}},"32":{"start":{"line":151,"column":6},"end":{"line":151,"column":54}},"33":{"start":{"line":153,"column":4},"end":{"line":153,"column":60}},"34":{"start":{"line":154,"column":4},"end":{"line":156,"column":5}},"35":{"start":{"line":155,"column":6},"end":{"line":155,"column":64}},"36":{"start":{"line":159,"column":49},"end":{"line":159,"column":51}},"37":{"start":{"line":160,"column":16},"end":{"line":160,"column":17}},"38":{"start":{"line":161,"column":14},"end":{"line":161,"column":15}},"39":{"start":{"line":162,"column":2},"end":{"line":171,"column":3}},"40":{"start":{"line":163,"column":26},"end":{"line":163,"column":64}},"41":{"start":{"line":164,"column":4},"end":{"line":168,"column":6}},"42":{"start":{"line":169,"column":4},"end":{"line":169,"column":29}},"43":{"start":{"line":170,"column":4},"end":{"line":170,"column":25}},"44":{"start":{"line":173,"column":2},"end":{"line":178,"column":4}},"45":{"start":{"line":186,"column":2},"end":{"line":189,"column":5}},"46":{"start":{"line":187,"column":4},"end":{"line":187,"column":80}},"47":{"start":{"line":188,"column":4},"end":{"line":188,"column":72}}},"fnMap":{"0":{"name":"startSession","decl":{"start":{"line":23,"column":22},"end":{"line":23,"column":34}},"loc":{"start":{"line":23,"column":83},"end":{"line":28,"column":1}},"line":23},"1":{"name":"completeSession","decl":{"start":{"line":31,"column":22},"end":{"line":31,"column":37}},"loc":{"start":{"line":31,"column":86},"end":{"line":33,"column":1}},"line":31},"2":{"name":"getSession","decl":{"start":{"line":36,"column":22},"end":{"line":36,"column":32}},"loc":{"start":{"line":36,"column":94},"end":{"line":38,"column":1}},"line":36},"3":{"name":"listSessions","decl":{"start":{"line":41,"column":22},"end":{"line":41,"column":34}},"loc":{"start":{"line":41,"column":72},"end":{"line":43,"column":1}},"line":41},"4":{"name":"resumeInterruptedSession","decl":{"start":{"line":49,"column":22},"end":{"line":49,"column":46}},"loc":{"start":{"line":49,"column":89},"end":{"line":53,"column":1}},"line":49},"5":{"name":"getItems","decl":{"start":{"line":56,"column":22},"end":{"line":56,"column":30}},"loc":{"start":{"line":56,"column":93},"end":{"line":60,"column":1}},"line":56},"6":{"name":"setItemStatus","decl":{"start":{"line":66,"column":22},"end":{"line":66,"column":35}},"loc":{"start":{"line":66,"column":101},"end":{"line":72,"column":1}},"line":66},"7":{"name":"updateItemAnswer","decl":{"start":{"line":75,"column":22},"end":{"line":75,"column":38}},"loc":{"start":{"line":75,"column":104},"end":{"line":81,"column":1}},"line":75},"8":{"name":"addManualNote","decl":{"start":{"line":87,"column":22},"end":{"line":87,"column":35}},"loc":{"start":{"line":87,"column":110},"end":{"line":106,"column":1}},"line":87},"9":{"name":"autosaveSession","decl":{"start":{"line":112,"column":22},"end":{"line":112,"column":37}},"loc":{"start":{"line":112,"column":112},"end":{"line":124,"column":1}},"line":112},"10":{"name":"(anonymous_10)","decl":{"start":{"line":114,"column":32},"end":{"line":114,"column":33}},"loc":{"start":{"line":114,"column":44},"end":{"line":123,"column":3}},"line":114},"11":{"name":"computeCoverage","decl":{"start":{"line":131,"column":22},"end":{"line":131,"column":37}},"loc":{"start":{"line":135,"column":28},"end":{"line":179,"column":1}},"line":135},"12":{"name":"(anonymous_12)","decl":{"start":{"line":140,"column":49},"end":{"line":140,"column":50}},"loc":{"start":{"line":140,"column":56},"end":{"line":140,"column":65}},"line":140},"13":{"name":"deleteSession","decl":{"start":{"line":185,"column":22},"end":{"line":185,"column":35}},"loc":{"start":{"line":185,"column":84},"end":{"line":190,"column":1}},"line":185},"14":{"name":"(anonymous_14)","decl":{"start":{"line":186,"column":32},"end":{"line":186,"column":33}},"loc":{"start":{"line":186,"column":44},"end":{"line":189,"column":3}},"line":186}},"branchMap":{"0":{"loc":{"start":{"line":134,"column":2},"end":{"line":134,"column":62}},"type":"default-arg","locations":[{"start":{"line":134,"column":43},"end":{"line":134,"column":62}}],"line":134},"1":{"loc":{"start":{"line":146,"column":4},"end":{"line":146,"column":39}},"type":"if","locations":[{"start":{"line":146,"column":4},"end":{"line":146,"column":39}},{"start":{},"end":{}}],"line":146},"2":{"loc":{"start":{"line":148,"column":4},"end":{"line":148,"column":28}},"type":"if","locations":[{"start":{"line":148,"column":4},"end":{"line":148,"column":28}},{"start":{},"end":{}}],"line":148},"3":{"loc":{"start":{"line":149,"column":4},"end":{"line":152,"column":5}},"type":"if","locations":[{"start":{"line":149,"column":4},"end":{"line":152,"column":5}},{"start":{},"end":{}}],"line":149},"4":{"loc":{"start":{"line":154,"column":4},"end":{"line":156,"column":5}},"type":"if","locations":[{"start":{"line":154,"column":4},"end":{"line":156,"column":5}},{"start":{},"end":{}}],"line":154},"5":{"loc":{"start":{"line":163,"column":26},"end":{"line":163,"column":64}},"type":"binary-expr","locations":[{"start":{"line":163,"column":26},"end":{"line":163,"column":59}},{"start":{"line":163,"column":63},"end":{"line":163,"column":64}}],"line":163},"6":{"loc":{"start":{"line":167,"column":15},"end":{"line":167,"column":88}},"type":"cond-expr","locations":[{"start":{"line":167,"column":35},"end":{"line":167,"column":38}},{"start":{"line":167,"column":41},"end":{"line":167,"column":88}}],"line":167},"7":{"loc":{"start":{"line":176,"column":13},"end":{"line":176,"column":68}},"type":"cond-expr","locations":[{"start":{"line":176,"column":27},"end":{"line":176,"column":30}},{"start":{"line":176,"column":33},"end":{"line":176,"column":68}}],"line":176}},"s":{"0":3,"1":3,"2":2,"3":1,"4":4,"5":1,"6":3,"7":33,"8":33,"9":1,"10":2,"11":2,"12":2,"13":2,"14":1,"15":1,"16":1,"17":2,"18":1,"19":18,"20":18,"21":792,"22":18,"23":18,"24":18,"25":242,"26":1,"27":241,"28":241,"29":0,"30":241,"31":27,"32":27,"33":241,"34":241,"35":14,"36":18,"37":18,"38":18,"39":18,"40":27,"41":27,"42":27,"43":27,"44":18,"45":1,"46":1,"47":1},"f":{"0":2,"1":1,"2":4,"3":1,"4":3,"5":33,"6":33,"7":1,"8":2,"9":1,"10":1,"11":18,"12":792,"13":1,"14":1},"b":{"0":[9],"1":[1,241],"2":[0,241],"3":[27,214],"4":[14,227],"5":[27,0],"6":[0,27],"7":[0,18]},"_coverageSchema":"1a1c01bbd47fc00a2c39e90264f33305004495a9","hash":"37d2c1e0405f314ac27f079ee7c8cc31c1818fa1"}
,"/home/opc/AuditIA/utils/base64.ts": {"path":"/home/opc/AuditIA/utils/base64.ts","statementMap":{"0":{"start":{"line":5,"column":17},"end":{"line":5,"column":83}},"1":{"start":{"line":7,"column":16},"end":{"line":7,"column":95}},"2":{"start":{"line":7,"column":80},"end":{"line":7,"column":93}},"3":{"start":{"line":11,"column":16},"end":{"line":11,"column":46}},"4":{"start":{"line":12,"column":27},"end":{"line":12,"column":29}},"5":{"start":{"line":13,"column":15},"end":{"line":13,"column":16}},"6":{"start":{"line":14,"column":13},"end":{"line":14,"column":14}},"7":{"start":{"line":15,"column":2},"end":{"line":26,"column":3}},"8":{"start":{"line":16,"column":18},"end":{"line":16,"column":35}},"9":{"start":{"line":17,"column":4},"end":{"line":19,"column":5}},"10":{"start":{"line":18,"column":6},"end":{"line":18,"column":63}},"11":{"start":{"line":20,"column":4},"end":{"line":20,"column":35}},"12":{"start":{"line":21,"column":4},"end":{"line":21,"column":14}},"13":{"start":{"line":22,"column":4},"end":{"line":25,"column":5}},"14":{"start":{"line":23,"column":6},"end":{"line":23,"column":16}},"15":{"start":{"line":24,"column":6},"end":{"line":24,"column":43}},"16":{"start":{"line":27,"column":2},"end":{"line":27,"column":33}}},"fnMap":{"0":{"name":"(anonymous_0)","decl":{"start":{"line":7,"column":63},"end":{"line":7,"column":64}},"loc":{"start":{"line":7,"column":80},"end":{"line":7,"column":93}},"line":7},"1":{"name":"base64ToBytes","decl":{"start":{"line":10,"column":16},"end":{"line":10,"column":29}},"loc":{"start":{"line":10,"column":58},"end":{"line":28,"column":1}},"line":10}},"branchMap":{"0":{"loc":{"start":{"line":17,"column":4},"end":{"line":19,"column":5}},"type":"if","locations":[{"start":{"line":17,"column":4},"end":{"line":19,"column":5}},{"start":{},"end":{}}],"line":17},"1":{"loc":{"start":{"line":22,"column":4},"end":{"line":25,"column":5}},"type":"if","locations":[{"start":{"line":22,"column":4},"end":{"line":25,"column":5}},{"start":{},"end":{}}],"line":22}},"s":{"0":0,"1":0,"2":0,"3":0,"4":0,"5":0,"6":0,"7":0,"8":0,"9":0,"10":0,"11":0,"12":0,"13":0,"14":0,"15":0,"16":0},"f":{"0":0,"1":0},"b":{"0":[0,0],"1":[0,0]}}
,"/home/opc/AuditIA/utils/ids.ts": {"path":"/home/opc/AuditIA/utils/ids.ts","statementMap":{"0":{"start":{"line":7,"column":16},"end":{"line":7,"column":34}},"1":{"start":{"line":8,"column":20},"end":{"line":8,"column":107}},"2":{"start":{"line":9,"column":2},"end":{"line":12,"column":3}},"3":{"start":{"line":10,"column":4},"end":{"line":10,"column":37}},"4":{"start":{"line":11,"column":4},"end":{"line":11,"column":17}},"5":{"start":{"line":13,"column":2},"end":{"line":15,"column":3}},"6":{"start":{"line":13,"column":15},"end":{"line":13,"column":16}},"7":{"start":{"line":14,"column":4},"end":{"line":14,"column":47}},"8":{"start":{"line":16,"column":2},"end":{"line":16,"column":15}},"9":{"start":{"line":21,"column":16},"end":{"line":21,"column":31}},"10":{"start":{"line":22,"column":2},"end":{"line":22,"column":38}},"11":{"start":{"line":23,"column":2},"end":{"line":23,"column":38}},"12":{"start":{"line":24,"column":14},"end":{"line":24,"column":80}},"13":{"start":{"line":24,"column":39},"end":{"line":24,"column":70}},"14":{"start":{"line":25,"column":2},"end":{"line":25,"column":109}}},"fnMap":{"0":{"name":"randomBytes16","decl":{"start":{"line":6,"column":9},"end":{"line":6,"column":22}},"loc":{"start":{"line":6,"column":37},"end":{"line":17,"column":1}},"line":6},"1":{"name":"generateUuidV4","decl":{"start":{"line":20,"column":16},"end":{"line":20,"column":30}},"loc":{"start":{"line":20,"column":41},"end":{"line":26,"column":1}},"line":20},"2":{"name":"(anonymous_2)","decl":{"start":{"line":24,"column":32},"end":{"line":24,"column":33}},"loc":{"start":{"line":24,"column":39},"end":{"line":24,"column":70}},"line":24}},"branchMap":{"0":{"loc":{"start":{"line":9,"column":2},"end":{"line":12,"column":3}},"type":"if","locations":[{"start":{"line":9,"column":2},"end":{"line":12,"column":3}},{"start":{},"end":{}}],"line":9}},"s":{"0":546,"1":546,"2":546,"3":546,"4":546,"5":0,"6":0,"7":0,"8":0,"9":546,"10":546,"11":546,"12":546,"13":8736,"14":546},"f":{"0":546,"1":546,"2":8736},"b":{"0":[546,0]},"_coverageSchema":"1a1c01bbd47fc00a2c39e90264f33305004495a9","hash":"87c5791110952aed50b4a699fd52d3670040f2d1"}
}
