TN:
SF:ai/confidence/confidence.filter.ts
FN:18,filterByConfidence
FN:22,(anonymous_1)
FN:22,(anonymous_2)
FNF:3
FNH:3
FNDA:3,filterByConfidence
FNDA:9,(anonymous_1)
FNDA:5,(anonymous_2)
DA:12,1
DA:22,9
LF:2
LH:2
BRDA:20,0,0,2
BRF:1
BRH:1
end_of_record
TN:
SF:ai/llm/llm.client.ts
FN:16,selectModelForRam
FN:28,getLlmAvailability
FN:33,getCurrentLlmMode
FNF:3
FNH:3
FNDA:7,selectModelForRam
FNDA:2,getLlmAvailability
FNDA:1,getCurrentLlmMode
DA:17,7
DA:18,5
DA:19,3
DA:20,1
DA:29,2
DA:34,1
LF:6
LH:6
BRDA:17,0,0,2
BRDA:17,0,1,5
BRDA:18,1,0,2
BRDA:18,1,1,3
BRDA:19,2,0,2
BRDA:19,2,1,1
BRF:6
BRH:6
end_of_record
TN:
SF:ai/llm/llm.prompts.ts
FNF:0
FNH:0
DA:8,0
DA:33,0
LF:2
LH:0
BRF:0
BRH:0
end_of_record
TN:
SF:ai/stt/stt.client.ts
FN:12,getSttAvailability
FNF:1
FNH:0
FNDA:0,getSttAvailability
DA:13,0
LF:1
LH:0
BRF:0
BRH:0
end_of_record
TN:
SF:features/analysis/analysis.service.ts
FN:19,getFinalCoverage
FN:39,listGaps
FN:48,(anonymous_2)
FN:70,addAssertion
FN:97,listAssertions
FN:104,validateAssertion
FN:117,modifyAssertion
FN:125,deleteAssertion
FN:130,getEffectiveAssertionText
FN:139,getExportGate
FNF:10
FNH:10
FNDA:10,getFinalCoverage
FNDA:11,listGaps
FNDA:484,(anonymous_2)
FNDA:16,addAssertion
FNDA:14,listAssertions
FNDA:11,validateAssertion
FNDA:2,modifyAssertion
FNDA:1,deleteAssertion
FNDA:18,getEffectiveAssertionText
FNDA:14,getExportGate
DA:24,10
DA:27,2
DA:44,11
DA:48,484
DA:49,11
DA:50,11
DA:51,158
DA:52,158
DA:53,158
DA:54,157
DA:62,11
DA:76,16
DA:77,16
DA:88,16
DA:93,16
DA:98,14
DA:105,11
DA:118,2
DA:126,1
DA:131,18
DA:140,14
DA:145,14
DA:146,14
DA:147,14
LF:24
LH:24
BRDA:22,0,0,10
BRDA:42,1,0,11
BRDA:53,2,0,1
BRDA:53,2,1,157
BRDA:53,3,0,158
BRDA:53,3,1,158
BRDA:74,4,0,16
BRDA:82,5,0,0
BRDA:82,5,1,16
BRDA:131,6,0,18
BRDA:131,6,1,15
BRDA:145,7,0,14
BRDA:145,7,1,0
BRDA:146,8,0,14
BRDA:146,8,1,2
BRF:15
BRH:13
end_of_record
TN:
SF:features/briefing/briefing.service.ts
FN:41,validateSessionConfigInput
FN:47,(anonymous_1)
FN:65,isPlainObject
FN:69,isNonEmptyString
FN:73,isEnumArray
FN:74,(anonymous_5)
FN:83,validateKnowledgeBase
FN:91,(anonymous_7)
FN:94,(anonymous_8)
FN:120,(anonymous_9)
FN:144,(anonymous_10)
FN:163,loadKnowledgeBase
FN:185,questionMatches
FN:209,buildQuestionTree
FN:217,(anonymous_14)
FN:218,(anonymous_15)
FN:218,(anonymous_16)
FN:223,(anonymous_17)
FN:250,createSession
FN:257,(anonymous_19)
FN:273,(anonymous_20)
FNF:21
FNH:21
FNDA:52,validateSessionConfigInput
FNDA:81,(anonymous_1)
FNDA:10225,isPlainObject
FNDA:23742,isNonEmptyString
FNDA:13232,isEnumArray
FNDA:57932,(anonymous_5)
FNDA:85,validateKnowledgeBase
FNDA:3308,(anonymous_7)
FNDA:3308,(anonymous_8)
FNDA:6600,(anonymous_9)
FNDA:301,(anonymous_10)
FNDA:75,loadKnowledgeBase
FNDA:923,questionMatches
FNDA:49,buildQuestionTree
FNDA:2156,(anonymous_14)
FNDA:2156,(anonymous_15)
FNDA:196,(anonymous_16)
FNDA:923,(anonymous_17)
FNDA:42,createSession
FNDA:1,(anonymous_19)
FNDA:41,(anonymous_20)
DA:42,52
DA:44,52
DA:45,2
DA:47,81
DA:48,2
DA:50,52
DA:51,3
DA:53,52
DA:54,1
DA:56,52
DA:57,1
DA:59,52
DA:60,2
DA:62,52
DA:66,10225
DA:70,23742
DA:74,57932
DA:84,85
DA:85,85
DA:86,3
DA:89,82
DA:90,82
DA:91,3308
DA:94,82
DA:95,3308
DA:96,3308
DA:97,0
DA:98,0
DA:100,3308
DA:101,3308
DA:102,1
DA:103,3307
DA:104,1
DA:106,3306
DA:108,3308
DA:109,0
DA:110,3308
DA:111,2
DA:113,3308
DA:114,0
DA:116,3308
DA:117,1
DA:119,3308
DA:120,6600
DA:121,0
DA:124,3308
DA:125,0
DA:127,3308
DA:128,0
DA:130,3308
DA:131,0
DA:133,3308
DA:134,0
DA:137,3308
DA:138,1
DA:140,3308
DA:141,301
DA:142,0
DA:144,301
DA:145,301
DA:146,0
DA:147,301
DA:148,1
DA:155,82
DA:164,75
DA:170,75
DA:171,75
DA:172,0
DA:174,75
DA:186,923
DA:210,49
DA:217,2156
DA:218,2156
DA:220,49
DA:221,49
DA:223,49
DA:224,923
DA:225,664
DA:226,664
DA:227,664
DA:228,75
DA:229,75
DA:230,75
DA:235,49
DA:236,196
DA:237,80
DA:238,3520
DA:239,848
DA:242,49
DA:255,42
DA:256,42
DA:257,1
DA:259,41
DA:260,41
DA:271,41
DA:273,41
DA:274,41
DA:290,41
DA:291,550
DA:299,41
LF:100
LH:88
BRDA:44,0,0,2
BRDA:44,0,1,50
BRDA:44,1,0,52
BRDA:44,1,1,51
BRDA:47,2,0,2
BRDA:47,2,1,50
BRDA:47,3,0,52
BRDA:47,3,1,51
BRDA:47,3,2,50
BRDA:50,4,0,3
BRDA:50,4,1,49
BRDA:50,5,0,52
BRDA:50,5,1,50
BRDA:53,6,0,1
BRDA:53,6,1,51
BRDA:53,7,0,52
BRDA:53,7,1,51
BRDA:56,8,0,1
BRDA:56,8,1,51
BRDA:56,9,0,52
BRDA:56,9,1,51
BRDA:59,10,0,2
BRDA:59,10,1,50
BRDA:59,11,0,52
BRDA:59,11,1,51
BRDA:66,12,0,10225
BRDA:66,12,1,10225
BRDA:66,12,2,10225
BRDA:70,13,0,23742
BRDA:70,13,1,23741
BRDA:74,14,0,13232
BRDA:74,14,1,13232
BRDA:74,14,2,13232
BRDA:85,15,0,3
BRDA:85,15,1,82
BRDA:91,16,0,3308
BRDA:91,16,1,0
BRDA:96,17,0,0
BRDA:96,17,1,3308
BRDA:101,18,0,1
BRDA:101,18,1,3307
BRDA:101,19,0,3308
BRDA:101,19,1,3308
BRDA:103,20,0,1
BRDA:103,20,1,3306
BRDA:108,21,0,0
BRDA:108,21,1,3308
BRDA:108,22,0,3308
BRDA:108,22,1,3308
BRDA:110,23,0,2
BRDA:110,23,1,3306
BRDA:110,24,0,3308
BRDA:110,24,1,3308
BRDA:113,25,0,0
BRDA:113,25,1,3308
BRDA:116,26,0,1
BRDA:116,26,1,3307
BRDA:119,27,0,3300
BRDA:119,27,1,8
BRDA:120,28,0,0
BRDA:120,28,1,3300
BRDA:120,29,0,3300
BRDA:120,29,1,3300
BRDA:124,30,0,0
BRDA:124,30,1,3308
BRDA:127,31,0,0
BRDA:127,31,1,3308
BRDA:130,32,0,0
BRDA:130,32,1,3308
BRDA:133,33,0,0
BRDA:133,33,1,3308
BRDA:137,34,0,1
BRDA:137,34,1,3307
BRDA:140,35,0,301
BRDA:140,35,1,3007
BRDA:141,36,0,0
BRDA:141,36,1,301
BRDA:145,37,0,0
BRDA:145,37,1,301
BRDA:145,38,0,301
BRDA:145,38,1,301
BRDA:145,38,2,301
BRDA:147,39,0,1
BRDA:147,39,1,300
BRDA:171,40,0,0
BRDA:171,40,1,75
BRDA:187,41,0,923
BRDA:187,41,1,923
BRDA:187,41,2,906
BRDA:187,41,3,773
BRDA:187,41,4,773
BRDA:218,42,0,2156
BRDA:218,42,1,1960
BRDA:224,43,0,259
BRDA:224,43,1,664
BRDA:224,44,0,923
BRDA:224,44,1,923
BRDA:226,45,0,51
BRDA:226,45,1,613
BRDA:227,46,0,664
BRDA:227,46,1,589
BRDA:229,47,0,75
BRDA:229,47,1,0
BRDA:236,48,0,116
BRDA:236,48,1,80
BRDA:238,49,0,2672
BRDA:238,49,1,848
BRDA:238,50,0,3520
BRDA:238,50,1,928
BRDA:253,51,0,42
BRDA:256,52,0,1
BRDA:256,52,1,41
BRF:112
BRH:99
end_of_record
TN:
SF:features/export/export.service.ts
FN:50,assembleCrData
FN:99,detailDomains
FN:100,(anonymous_2)
FN:107,assertionLines
FN:111,(anonymous_4)
FN:114,gapLines
FN:118,(anonymous_6)
FN:122,renderMarkdown
FN:123,(anonymous_8)
FN:124,(anonymous_9)
FN:133,(anonymous_10)
FN:143,(anonymous_11)
FN:145,(anonymous_12)
FN:181,computeCrHash
FN:189,verifyCrHash
FN:198,renderDocx
FN:199,(anonymous_16)
FN:201,(anonymous_17)
FN:202,(anonymous_18)
FN:204,(anonymous_19)
FN:210,(anonymous_20)
FN:210,(anonymous_21)
FN:221,(anonymous_22)
FN:227,(anonymous_23)
FN:235,(anonymous_24)
FN:252,(anonymous_25)
FN:276,exportFilename
FN:289,exportSession
FN:304,(anonymous_28)
FNF:29
FNH:28
FNDA:11,assembleCrData
FNDA:19,detailDomains
FNDA:76,(anonymous_2)
FNDA:38,assertionLines
FNDA:16,(anonymous_4)
FNDA:36,gapLines
FNDA:256,(anonymous_6)
FNDA:18,renderMarkdown
FNDA:72,(anonymous_8)
FNDA:36,(anonymous_9)
FNDA:38,(anonymous_10)
FNDA:0,(anonymous_11)
FNDA:36,(anonymous_12)
FNDA:10,computeCrHash
FNDA:3,verifyCrHash
FNDA:1,renderDocx
FNDA:7,(anonymous_16)
FNDA:17,(anonymous_17)
FNDA:7,(anonymous_18)
FNDA:12,(anonymous_19)
FNDA:4,(anonymous_20)
FNDA:2,(anonymous_21)
FNDA:2,(anonymous_22)
FNDA:1,(anonymous_23)
FNDA:16,(anonymous_24)
FNDA:2,(anonymous_25)
FNDA:8,exportFilename
FNDA:10,exportSession
FNDA:8,(anonymous_28)
DA:30,1
DA:32,1
DA:38,1
DA:56,11
DA:57,11
DA:58,1
DA:62,10
DA:63,10
DA:64,1
DA:66,9
DA:67,9
DA:68,9
DA:69,9
DA:71,9
DA:72,9
DA:73,8
DA:74,8
DA:76,9
DA:77,9
DA:78,128
DA:81,9
DA:100,76
DA:101,19
DA:102,2
DA:104,19
DA:108,38
DA:109,22
DA:111,16
DA:115,36
DA:116,4
DA:118,256
DA:123,72
DA:125,36
DA:126,36
DA:127,36
DA:128,36
DA:132,18
DA:135,38
DA:138,38
DA:143,18
DA:145,36
DA:147,18
DA:182,10
DA:190,3
DA:191,3
DA:192,3
DA:193,3
DA:194,3
DA:199,1
DA:200,7
DA:201,17
DA:202,1
DA:203,7
DA:204,12
DA:206,1
DA:210,4
DA:211,2
DA:212,2
DA:213,2
DA:214,2
DA:221,1
DA:222,2
DA:223,2
DA:224,2
DA:225,1
DA:227,1
DA:229,2
DA:230,2
DA:231,2
DA:232,2
DA:233,0
DA:235,16
DA:238,2
DA:241,1
DA:252,2
DA:273,1
DA:277,8
DA:278,8
DA:279,8
DA:280,8
DA:297,10
DA:298,1
DA:300,9
DA:301,8
DA:302,8
DA:304,8
DA:305,8
DA:312,8
LF:88
LH:87
BRDA:54,0,0,1
BRDA:57,1,0,1
BRDA:57,1,1,10
BRDA:63,2,0,1
BRDA:63,2,1,9
BRDA:73,3,0,0
BRDA:73,3,1,8
BRDA:101,4,0,2
BRDA:101,4,1,17
BRDA:101,5,0,19
BRDA:101,5,1,17
BRDA:108,6,0,22
BRDA:108,6,1,16
BRDA:108,7,0,38
BRDA:108,7,1,16
BRDA:115,8,0,4
BRDA:115,8,1,32
BRDA:115,9,0,36
BRDA:115,9,1,32
BRDA:122,10,0,0
BRDA:126,11,0,36
BRDA:126,11,1,0
BRDA:127,12,0,36
BRDA:127,12,1,0
BRDA:128,13,0,36
BRDA:128,13,1,0
BRDA:135,14,0,2
BRDA:135,14,1,36
BRDA:143,15,0,0
BRDA:143,15,1,18
BRDA:191,16,0,0
BRDA:191,16,1,3
BRDA:212,17,0,2
BRDA:212,17,1,0
BRDA:213,18,0,2
BRDA:213,18,1,0
BRDA:215,19,0,2
BRDA:215,19,1,0
BRDA:222,20,0,2
BRDA:222,20,1,1
BRDA:224,21,0,1
BRDA:224,21,1,1
BRDA:229,22,0,2
BRDA:229,22,1,0
BRDA:231,23,0,2
BRDA:231,23,1,0
BRDA:232,24,0,0
BRDA:232,24,1,2
BRDA:259,25,0,0
BRDA:259,25,1,1
BRDA:279,26,0,7
BRDA:279,26,1,1
BRDA:280,27,0,8
BRDA:280,27,1,0
BRDA:295,28,0,9
BRDA:297,29,0,1
BRDA:297,29,1,9
BRDA:302,30,0,7
BRDA:302,30,1,1
BRDA:316,31,0,7
BRDA:316,31,1,1
BRF:61
BRH:46
end_of_record
TN:
SF:features/session/session.service.ts
FN:23,startSession
FN:31,completeSession
FN:36,getSession
FN:41,listSessions
FN:49,resumeInterruptedSession
FN:56,getItems
FN:66,setItemStatus
FN:75,updateItemAnswer
FN:87,addManualNote
FN:112,autosaveSession
FN:114,(anonymous_10)
FN:131,computeCoverage
FN:140,(anonymous_12)
FN:185,deleteSession
FN:186,(anonymous_14)
FNF:15
FNH:15
FNDA:2,startSession
FNDA:1,completeSession
FNDA:4,getSession
FNDA:1,listSessions
FNDA:3,resumeInterruptedSession
FNDA:36,getItems
FNDA:54,setItemStatus
FNDA:1,updateItemAnswer
FNDA:2,addManualNote
FNDA:1,autosaveSession
FNDA:1,(anonymous_10)
FNDA:20,computeCoverage
FNDA:880,(anonymous_12)
FNDA:1,deleteSession
FNDA:1,(anonymous_14)
DA:17,3
DA:20,3
DA:24,2
DA:32,1
DA:37,4
DA:42,1
DA:50,3
DA:57,36
DA:67,54
DA:76,1
DA:88,2
DA:89,2
DA:100,2
DA:105,2
DA:113,1
DA:114,1
DA:115,1
DA:116,2
DA:122,1
DA:136,20
DA:140,880
DA:142,20
DA:143,20
DA:145,20
DA:146,259
DA:147,258
DA:148,258
DA:149,258
DA:150,29
DA:151,29
DA:153,258
DA:154,258
DA:155,31
DA:159,20
DA:160,20
DA:161,20
DA:162,20
DA:163,29
DA:164,29
DA:169,29
DA:170,29
DA:173,20
DA:186,1
DA:187,1
DA:188,1
LF:45
LH:45
BRDA:134,0,0,10
BRDA:146,1,0,1
BRDA:146,1,1,258
BRDA:148,2,0,0
BRDA:148,2,1,258
BRDA:149,3,0,29
BRDA:149,3,1,229
BRDA:154,4,0,31
BRDA:154,4,1,227
BRDA:163,5,0,29
BRDA:163,5,1,0
BRDA:167,6,0,0
BRDA:167,6,1,29
BRDA:176,7,0,1
BRDA:176,7,1,19
BRF:15
BRH:12
end_of_record
TN:
SF:utils/base64.ts
FN:7,(anonymous_0)
FN:10,base64ToBytes
FNF:2
FNH:2
FNDA:64,(anonymous_0)
FNDA:7,base64ToBytes
DA:5,1
DA:7,64
DA:11,7
DA:12,7
DA:13,7
DA:14,7
DA:15,7
DA:16,46
DA:17,46
DA:18,1
DA:20,45
DA:21,45
DA:22,45
DA:23,32
DA:24,32
DA:27,6
LF:16
LH:16
BRDA:17,0,0,1
BRDA:17,0,1,45
BRDA:22,1,0,32
BRDA:22,1,1,13
BRF:4
BRH:4
end_of_record
TN:
SF:utils/ids.ts
FN:6,randomBytes16
FN:20,generateUuidV4
FN:24,(anonymous_2)
FNF:3
FNH:3
FNDA:609,randomBytes16
FNDA:609,generateUuidV4
FNDA:9744,(anonymous_2)
DA:7,609
DA:8,609
DA:9,609
DA:10,609
DA:11,609
DA:13,0
DA:14,0
DA:16,0
DA:21,609
DA:22,609
DA:23,609
DA:24,9744
DA:25,609
LF:13
LH:10
BRDA:9,0,0,609
BRDA:9,0,1,0
BRF:2
BRH:1
end_of_record
