TN:
SF:ai/confidence/confidence.filter.ts
FN:18,filterByConfidence
FN:22,(anonymous_1)
FN:22,(anonymous_2)
FNF:3
FNH:3
FNDA:3,filterByConfidence
FNDA:9,(anonymous_1)
FNDA:5,(anonymous_2)
DA:12,1
DA:22,9
LF:2
LH:2
BRDA:20,0,0,2
BRF:1
BRH:1
end_of_record
TN:
SF:ai/llm/llm.client.ts
FN:16,selectModelForRam
FN:28,getLlmAvailability
FN:33,getCurrentLlmMode
FNF:3
FNH:3
FNDA:7,selectModelForRam
FNDA:2,getLlmAvailability
FNDA:1,getCurrentLlmMode
DA:17,7
DA:18,5
DA:19,3
DA:20,1
DA:29,2
DA:34,1
LF:6
LH:6
BRDA:17,0,0,2
BRDA:17,0,1,5
BRDA:18,1,0,2
BRDA:18,1,1,3
BRDA:19,2,0,2
BRDA:19,2,1,1
BRF:6
BRH:6
end_of_record
TN:
SF:ai/llm/llm.prompts.ts
FNF:0
FNH:0
DA:8,0
DA:33,0
LF:2
LH:0
BRF:0
BRH:0
end_of_record
TN:
SF:ai/stt/stt.client.ts
FN:12,getSttAvailability
FNF:1
FNH:0
FNDA:0,getSttAvailability
DA:13,0
LF:1
LH:0
BRF:0
BRH:0
end_of_record
TN:
SF:features/analysis/analysis.service.ts
FN:19,getFinalCoverage
FN:39,listGaps
FN:48,(anonymous_2)
FN:70,addAssertion
FN:97,listAssertions
FN:104,validateAssertion
FN:117,modifyAssertion
FN:125,deleteAssertion
FN:130,getEffectiveAssertionText
FN:139,getExportGate
FNF:10
FNH:10
FNDA:9,getFinalCoverage
FNDA:9,listGaps
FNDA:396,(anonymous_2)
FNDA:16,addAssertion
FNDA:13,listAssertions
FNDA:11,validateAssertion
FNDA:2,modifyAssertion
FNDA:1,deleteAssertion
FNDA:18,getEffectiveAssertionText
FNDA:12,getExportGate
DA:24,9
DA:27,2
DA:44,9
DA:48,396
DA:49,9
DA:50,9
DA:51,142
DA:52,142
DA:53,142
DA:54,142
DA:62,9
DA:76,16
DA:77,16
DA:88,16
DA:93,16
DA:98,13
DA:105,11
DA:118,2
DA:126,1
DA:131,18
DA:140,12
DA:145,12
DA:146,12
DA:147,12
LF:24
LH:24
BRDA:22,0,0,9
BRDA:42,1,0,9
BRDA:53,2,0,0
BRDA:53,2,1,142
BRDA:53,3,0,142
BRDA:53,3,1,142
BRDA:74,4,0,16
BRDA:82,5,0,0
BRDA:82,5,1,16
BRDA:131,6,0,18
BRDA:131,6,1,15
BRDA:145,7,0,12
BRDA:145,7,1,0
BRDA:146,8,0,12
BRDA:146,8,1,0
BRF:15
BRH:11
end_of_record
TN:
SF:features/briefing/briefing.service.ts
FN:41,validateSessionConfigInput
FN:47,(anonymous_1)
FN:65,isPlainObject
FN:69,isNonEmptyString
FN:73,isEnumArray
FN:74,(anonymous_5)
FN:83,validateKnowledgeBase
FN:91,(anonymous_7)
FN:94,(anonymous_8)
FN:120,(anonymous_9)
FN:144,(anonymous_10)
FN:163,loadKnowledgeBase
FN:185,questionMatches
FN:209,buildQuestionTree
FN:217,(anonymous_14)
FN:218,(anonymous_15)
FN:218,(anonymous_16)
FN:223,(anonymous_17)
FN:250,createSession
FN:257,(anonymous_19)
FN:273,(anonymous_20)
FNF:21
FNH:21
FNDA:48,validateSessionConfigInput
FNDA:74,(anonymous_1)
FNDA:9137,isPlainObject
FNDA:21214,isNonEmptyString
FNDA:11824,isEnumArray
FNDA:51756,(anonymous_5)
FNDA:77,validateKnowledgeBase
FNDA:2956,(anonymous_7)
FNDA:2956,(anonymous_8)
FNDA:5896,(anonymous_9)
FNDA:269,(anonymous_10)
FNDA:67,loadKnowledgeBase
FNDA:841,questionMatches
FNDA:45,buildQuestionTree
FNDA:1980,(anonymous_14)
FNDA:1980,(anonymous_15)
FNDA:180,(anonymous_16)
FNDA:841,(anonymous_17)
FNDA:38,createSession
FNDA:1,(anonymous_19)
FNDA:37,(anonymous_20)
DA:42,48
DA:44,48
DA:45,2
DA:47,74
DA:48,2
DA:50,48
DA:51,3
DA:53,48
DA:54,1
DA:56,48
DA:57,1
DA:59,48
DA:60,2
DA:62,48
DA:66,9137
DA:70,21214
DA:74,51756
DA:84,77
DA:85,77
DA:86,3
DA:89,74
DA:90,74
DA:91,2956
DA:94,74
DA:95,2956
DA:96,2956
DA:97,0
DA:98,0
DA:100,2956
DA:101,2956
DA:102,1
DA:103,2955
DA:104,1
DA:106,2954
DA:108,2956
DA:109,0
DA:110,2956
DA:111,2
DA:113,2956
DA:114,0
DA:116,2956
DA:117,1
DA:119,2956
DA:120,5896
DA:121,0
DA:124,2956
DA:125,0
DA:127,2956
DA:128,0
DA:130,2956
DA:131,0
DA:133,2956
DA:134,0
DA:137,2956
DA:138,1
DA:140,2956
DA:141,269
DA:142,0
DA:144,269
DA:145,269
DA:146,0
DA:147,269
DA:148,1
DA:155,74
DA:164,67
DA:170,67
DA:171,67
DA:172,0
DA:174,67
DA:186,841
DA:210,45
DA:217,1980
DA:218,1980
DA:220,45
DA:221,45
DA:223,45
DA:224,841
DA:225,605
DA:226,605
DA:227,605
DA:228,68
DA:229,68
DA:230,68
DA:235,45
DA:236,180
DA:237,73
DA:238,3212
DA:239,773
DA:242,45
DA:255,38
DA:256,38
DA:257,1
DA:259,37
DA:260,37
DA:271,37
DA:273,37
DA:274,37
DA:290,37
DA:291,491
DA:299,37
LF:100
LH:88
BRDA:44,0,0,2
BRDA:44,0,1,46
BRDA:44,1,0,48
BRDA:44,1,1,47
BRDA:47,2,0,2
BRDA:47,2,1,46
BRDA:47,3,0,48
BRDA:47,3,1,47
BRDA:47,3,2,46
BRDA:50,4,0,3
BRDA:50,4,1,45
BRDA:50,5,0,48
BRDA:50,5,1,46
BRDA:53,6,0,1
BRDA:53,6,1,47
BRDA:53,7,0,48
BRDA:53,7,1,47
BRDA:56,8,0,1
BRDA:56,8,1,47
BRDA:56,9,0,48
BRDA:56,9,1,47
BRDA:59,10,0,2
BRDA:59,10,1,46
BRDA:59,11,0,48
BRDA:59,11,1,47
BRDA:66,12,0,9137
BRDA:66,12,1,9137
BRDA:66,12,2,9137
BRDA:70,13,0,21214
BRDA:70,13,1,21213
BRDA:74,14,0,11824
BRDA:74,14,1,11824
BRDA:74,14,2,11824
BRDA:85,15,0,3
BRDA:85,15,1,74
BRDA:91,16,0,2956
BRDA:91,16,1,0
BRDA:96,17,0,0
BRDA:96,17,1,2956
BRDA:101,18,0,1
BRDA:101,18,1,2955
BRDA:101,19,0,2956
BRDA:101,19,1,2956
BRDA:103,20,0,1
BRDA:103,20,1,2954
BRDA:108,21,0,0
BRDA:108,21,1,2956
BRDA:108,22,0,2956
BRDA:108,22,1,2956
BRDA:110,23,0,2
BRDA:110,23,1,2954
BRDA:110,24,0,2956
BRDA:110,24,1,2956
BRDA:113,25,0,0
BRDA:113,25,1,2956
BRDA:116,26,0,1
BRDA:116,26,1,2955
BRDA:119,27,0,2948
BRDA:119,27,1,8
BRDA:120,28,0,0
BRDA:120,28,1,2948
BRDA:120,29,0,2948
BRDA:120,29,1,2948
BRDA:124,30,0,0
BRDA:124,30,1,2956
BRDA:127,31,0,0
BRDA:127,31,1,2956
BRDA:130,32,0,0
BRDA:130,32,1,2956
BRDA:133,33,0,0
BRDA:133,33,1,2956
BRDA:137,34,0,1
BRDA:137,34,1,2955
BRDA:140,35,0,269
BRDA:140,35,1,2687
BRDA:141,36,0,0
BRDA:141,36,1,269
BRDA:145,37,0,0
BRDA:145,37,1,269
BRDA:145,38,0,269
BRDA:145,38,1,269
BRDA:145,38,2,269
BRDA:147,39,0,1
BRDA:147,39,1,268
BRDA:171,40,0,0
BRDA:171,40,1,67
BRDA:187,41,0,841
BRDA:187,41,1,841
BRDA:187,41,2,825
BRDA:187,41,3,702
BRDA:187,41,4,702
BRDA:218,42,0,1980
BRDA:218,42,1,1800
BRDA:224,43,0,236
BRDA:224,43,1,605
BRDA:224,44,0,841
BRDA:224,44,1,841
BRDA:226,45,0,47
BRDA:226,45,1,558
BRDA:227,46,0,605
BRDA:227,46,1,537
BRDA:229,47,0,68
BRDA:229,47,1,0
BRDA:236,48,0,107
BRDA:236,48,1,73
BRDA:238,49,0,2439
BRDA:238,49,1,773
BRDA:238,50,0,3212
BRDA:238,50,1,846
BRDA:253,51,0,38
BRDA:256,52,0,1
BRDA:256,52,1,37
BRF:112
BRH:99
end_of_record
TN:
SF:features/export/export.service.ts
FN:50,assembleCrData
FN:99,detailDomains
FN:100,(anonymous_2)
FN:107,assertionLines
FN:111,(anonymous_4)
FN:114,gapLines
FN:118,(anonymous_6)
FN:122,renderMarkdown
FN:123,(anonymous_8)
FN:124,(anonymous_9)
FN:133,(anonymous_10)
FN:143,(anonymous_11)
FN:145,(anonymous_12)
FN:181,computeCrHash
FN:189,verifyCrHash
FN:198,renderDocx
FN:199,(anonymous_16)
FN:201,(anonymous_17)
FN:202,(anonymous_18)
FN:204,(anonymous_19)
FN:210,(anonymous_20)
FN:210,(anonymous_21)
FN:221,(anonymous_22)
FN:227,(anonymous_23)
FN:235,(anonymous_24)
FN:252,(anonymous_25)
FN:276,exportFilename
FN:289,exportSession
FN:304,(anonymous_28)
FNF:29
FNH:28
FNDA:9,assembleCrData
FNDA:17,detailDomains
FNDA:68,(anonymous_2)
FNDA:34,assertionLines
FNDA:16,(anonymous_4)
FNDA:32,gapLines
FNDA:256,(anonymous_6)
FNDA:16,renderMarkdown
FNDA:64,(anonymous_8)
FNDA:32,(anonymous_9)
FNDA:34,(anonymous_10)
FNDA:0,(anonymous_11)
FNDA:32,(anonymous_12)
FNDA:9,computeCrHash
FNDA:2,verifyCrHash
FNDA:1,renderDocx
FNDA:7,(anonymous_16)
FNDA:17,(anonymous_17)
FNDA:7,(anonymous_18)
FNDA:12,(anonymous_19)
FNDA:4,(anonymous_20)
FNDA:2,(anonymous_21)
FNDA:2,(anonymous_22)
FNDA:1,(anonymous_23)
FNDA:16,(anonymous_24)
FNDA:2,(anonymous_25)
FNDA:7,exportFilename
FNDA:9,exportSession
FNDA:7,(anonymous_28)
DA:30,1
DA:32,1
DA:38,1
DA:56,9
DA:57,9
DA:58,1
DA:62,8
DA:63,8
DA:64,0
DA:66,8
DA:67,8
DA:68,8
DA:69,8
DA:71,8
DA:72,8
DA:73,8
DA:74,8
DA:76,8
DA:77,8
DA:78,128
DA:81,8
DA:100,68
DA:101,17
DA:102,2
DA:104,17
DA:108,34
DA:109,18
DA:111,16
DA:115,32
DA:116,0
DA:118,256
DA:123,64
DA:125,32
DA:126,32
DA:127,32
DA:128,32
DA:132,16
DA:135,34
DA:138,34
DA:143,16
DA:145,32
DA:147,16
DA:182,9
DA:190,2
DA:191,2
DA:192,2
DA:193,2
DA:194,2
DA:199,1
DA:200,7
DA:201,17
DA:202,1
DA:203,7
DA:204,12
DA:206,1
DA:210,4
DA:211,2
DA:212,2
DA:213,2
DA:214,2
DA:221,1
DA:222,2
DA:223,2
DA:224,2
DA:225,1
DA:227,1
DA:229,2
DA:230,2
DA:231,2
DA:232,2
DA:233,0
DA:235,16
DA:238,2
DA:241,1
DA:252,2
DA:273,1
DA:277,7
DA:278,7
DA:279,7
DA:280,7
DA:297,9
DA:298,1
DA:300,8
DA:301,7
DA:302,7
DA:304,7
DA:305,7
DA:312,7
LF:88
LH:85
BRDA:54,0,0,0
BRDA:57,1,0,1
BRDA:57,1,1,8
BRDA:63,2,0,0
BRDA:63,2,1,8
BRDA:73,3,0,0
BRDA:73,3,1,8
BRDA:101,4,0,2
BRDA:101,4,1,15
BRDA:101,5,0,17
BRDA:101,5,1,15
BRDA:108,6,0,18
BRDA:108,6,1,16
BRDA:108,7,0,34
BRDA:108,7,1,16
BRDA:115,8,0,0
BRDA:115,8,1,32
BRDA:115,9,0,32
BRDA:115,9,1,32
BRDA:122,10,0,0
BRDA:126,11,0,32
BRDA:126,11,1,0
BRDA:127,12,0,32
BRDA:127,12,1,0
BRDA:128,13,0,32
BRDA:128,13,1,0
BRDA:135,14,0,2
BRDA:135,14,1,32
BRDA:143,15,0,0
BRDA:143,15,1,16
BRDA:191,16,0,0
BRDA:191,16,1,2
BRDA:212,17,0,2
BRDA:212,17,1,0
BRDA:213,18,0,2
BRDA:213,18,1,0
BRDA:215,19,0,2
BRDA:215,19,1,0
BRDA:222,20,0,2
BRDA:222,20,1,1
BRDA:224,21,0,1
BRDA:224,21,1,1
BRDA:229,22,0,2
BRDA:229,22,1,0
BRDA:231,23,0,2
BRDA:231,23,1,0
BRDA:232,24,0,0
BRDA:232,24,1,2
BRDA:259,25,0,0
BRDA:259,25,1,1
BRDA:279,26,0,6
BRDA:279,26,1,1
BRDA:280,27,0,7
BRDA:280,27,1,0
BRDA:295,28,0,8
BRDA:297,29,0,1
BRDA:297,29,1,8
BRDA:302,30,0,6
BRDA:302,30,1,1
BRDA:316,31,0,6
BRDA:316,31,1,1
BRF:61
BRH:43
end_of_record
TN:
SF:features/session/session.service.ts
FN:23,startSession
FN:31,completeSession
FN:36,getSession
FN:41,listSessions
FN:49,resumeInterruptedSession
FN:56,getItems
FN:66,setItemStatus
FN:75,updateItemAnswer
FN:87,addManualNote
FN:112,autosaveSession
FN:114,(anonymous_10)
FN:131,computeCoverage
FN:140,(anonymous_12)
FN:185,deleteSession
FN:186,(anonymous_14)
FNF:15
FNH:15
FNDA:2,startSession
FNDA:1,completeSession
FNDA:4,getSession
FNDA:1,listSessions
FNDA:3,resumeInterruptedSession
FNDA:33,getItems
FNDA:33,setItemStatus
FNDA:1,updateItemAnswer
FNDA:2,addManualNote
FNDA:1,autosaveSession
FNDA:1,(anonymous_10)
FNDA:18,computeCoverage
FNDA:792,(anonymous_12)
FNDA:1,deleteSession
FNDA:1,(anonymous_14)
DA:17,3
DA:20,3
DA:24,2
DA:32,1
DA:37,4
DA:42,1
DA:50,3
DA:57,33
DA:67,33
DA:76,1
DA:88,2
DA:89,2
DA:100,2
DA:105,2
DA:113,1
DA:114,1
DA:115,1
DA:116,2
DA:122,1
DA:136,18
DA:140,792
DA:142,18
DA:143,18
DA:145,18
DA:146,242
DA:147,241
DA:148,241
DA:149,241
DA:150,27
DA:151,27
DA:153,241
DA:154,241
DA:155,14
DA:159,18
DA:160,18
DA:161,18
DA:162,18
DA:163,27
DA:164,27
DA:169,27
DA:170,27
DA:173,18
DA:186,1
DA:187,1
DA:188,1
LF:45
LH:45
BRDA:134,0,0,9
BRDA:146,1,0,1
BRDA:146,1,1,241
BRDA:148,2,0,0
BRDA:148,2,1,241
BRDA:149,3,0,27
BRDA:149,3,1,214
BRDA:154,4,0,14
BRDA:154,4,1,227
BRDA:163,5,0,27
BRDA:163,5,1,0
BRDA:167,6,0,0
BRDA:167,6,1,27
BRDA:176,7,0,0
BRDA:176,7,1,18
BRF:15
BRH:11
end_of_record
TN:
SF:utils/base64.ts
FN:7,(anonymous_0)
FN:10,base64ToBytes
FNF:2
FNH:0
FNDA:0,(anonymous_0)
FNDA:0,base64ToBytes
DA:5,0
DA:7,0
DA:11,0
DA:12,0
DA:13,0
DA:14,0
DA:15,0
DA:16,0
DA:17,0
DA:18,0
DA:20,0
DA:21,0
DA:22,0
DA:23,0
DA:24,0
DA:27,0
LF:16
LH:0
BRDA:17,0,0,0
BRDA:17,0,1,0
BRDA:22,1,0,0
BRDA:22,1,1,0
BRF:4
BRH:0
end_of_record
TN:
SF:utils/ids.ts
FN:6,randomBytes16
FN:20,generateUuidV4
FN:24,(anonymous_2)
FNF:3
FNH:3
FNDA:546,randomBytes16
FNDA:546,generateUuidV4
FNDA:8736,(anonymous_2)
DA:7,546
DA:8,546
DA:9,546
DA:10,546
DA:11,546
DA:13,0
DA:14,0
DA:16,0
DA:21,546
DA:22,546
DA:23,546
DA:24,8736
DA:25,546
LF:13
LH:10
BRDA:9,0,0,546
BRDA:9,0,1,0
BRF:2
BRH:1
end_of_record
